[0.808s] DEBUG:colcon:Command line arguments: ['/usr/bin/colcon', 'build', '--packages-select', 'locomotion']
[0.808s] DEBUG:colcon:Parsed command line arguments: Namespace(log_base=None, log_level=None, verb_name='build', build_base='build', install_base='install', merge_install=False, symlink_install=False, test_result_base=None, continue_on_error=False, executor='parallel', parallel_workers=4, event_handlers=None, ignore_user_meta=False, metas=['./colcon.meta'], base_paths=['.'], packages_ignore=None, packages_ignore_regex=None, paths=None, packages_up_to=None, packages_up_to_regex=None, packages_above=None, packages_above_and_dependencies=None, packages_above_depth=None, packages_select_by_dep=None, packages_skip_by_dep=None, packages_skip_up_to=None, packages_select_build_failed=False, packages_skip_build_finished=False, packages_select_test_failures=False, packages_skip_test_passed=False, packages_select=['locomotion'], packages_skip=None, packages_select_regex=None, packages_skip_regex=None, packages_start=None, packages_end=None, allow_overriding=[], cmake_args=None, cmake_target=None, cmake_target_skip_unavailable=False, cmake_clean_cache=False, cmake_clean_first=False, cmake_force_configure=False, ament_cmake_args=None, catkin_cmake_args=None, catkin_skip_building_tests=False, mixin_files=None, mixin=None, verb_parser=<colcon_mixin.mixin.mixin_argument.MixinArgumentDecorator object at 0xffff7e368370>, verb_extension=<colcon_core.verb.build.BuildVerb object at 0xffff7e5250c0>, main=<bound method BuildVerb.main of <colcon_core.verb.build.BuildVerb object at 0xffff7e5250c0>>, mixin_verb=('build',))
[2.401s] Level 1:colcon.colcon_core.package_discovery:discover_packages(colcon_meta) check parameters
[2.401s] Level 1:colcon.colcon_core.package_discovery:discover_packages(recursive) check parameters
[2.402s] Level 1:colcon.colcon_core.package_discovery:discover_packages(ignore) check parameters
[2.402s] Level 1:colcon.colcon_core.package_discovery:discover_packages(path) check parameters
[2.402s] Level 1:colcon.colcon_core.package_discovery:discover_packages(colcon_meta) discover
[2.402s] Level 1:colcon.colcon_core.package_discovery:discover_packages(recursive) discover
[2.403s] INFO:colcon.colcon_core.package_discovery:Crawling recursively for packages in '/home/ubuntu/ros2_ws'
[2.403s] Level 1:colcon.colcon_core.package_identification:_identify(.) by extensions ['ignore', 'ignore_ament_install']
[2.404s] Level 1:colcon.colcon_core.package_identification:_identify(.) by extension 'ignore'
[2.404s] Level 1:colcon.colcon_core.package_identification:_identify(.) by extension 'ignore_ament_install'
[2.404s] Level 1:colcon.colcon_core.package_identification:_identify(.) by extensions ['colcon_pkg']
[2.405s] Level 1:colcon.colcon_core.package_identification:_identify(.) by extension 'colcon_pkg'
[2.405s] Level 1:colcon.colcon_core.package_identification:_identify(.) by extensions ['colcon_meta']
[2.405s] Level 1:colcon.colcon_core.package_identification:_identify(.) by extension 'colcon_meta'
[2.405s] Level 1:colcon.colcon_core.package_identification:_identify(.) by extensions ['ros']
[2.406s] Level 1:colcon.colcon_core.package_identification:_identify(.) by extension 'ros'
[2.489s] Level 1:colcon.colcon_core.package_identification:_identify(.) by extensions ['cmake', 'python']
[2.489s] Level 1:colcon.colcon_core.package_identification:_identify(.) by extension 'cmake'
[2.490s] Level 1:colcon.colcon_core.package_identification:_identify(.) by extension 'python'
[2.490s] Level 1:colcon.colcon_core.package_identification:_identify(.) by extensions ['python_setup_py']
[2.490s] Level 1:colcon.colcon_core.package_identification:_identify(.) by extension 'python_setup_py'
[2.491s] Level 1:colcon.colcon_core.package_identification:_identify(build) by extensions ['ignore', 'ignore_ament_install']
[2.491s] Level 1:colcon.colcon_core.package_identification:_identify(build) by extension 'ignore'
[2.492s] Level 1:colcon.colcon_core.package_identification:_identify(build) ignored
[2.492s] Level 1:colcon.colcon_core.package_identification:_identify(install) by extensions ['ignore', 'ignore_ament_install']
[2.493s] Level 1:colcon.colcon_core.package_identification:_identify(install) by extension 'ignore'
[2.493s] Level 1:colcon.colcon_core.package_identification:_identify(install) ignored
[2.494s] Level 1:colcon.colcon_core.package_identification:_identify(log) by extensions ['ignore', 'ignore_ament_install']
[2.494s] Level 1:colcon.colcon_core.package_identification:_identify(log) by extension 'ignore'
[2.494s] Level 1:colcon.colcon_core.package_identification:_identify(log) ignored
[2.495s] Level 1:colcon.colcon_core.package_identification:_identify(src) by extensions ['ignore', 'ignore_ament_install']
[2.495s] Level 1:colcon.colcon_core.package_identification:_identify(src) by extension 'ignore'
[2.496s] Level 1:colcon.colcon_core.package_identification:_identify(src) by extension 'ignore_ament_install'
[2.496s] Level 1:colcon.colcon_core.package_identification:_identify(src) by extensions ['colcon_pkg']
[2.496s] Level 1:colcon.colcon_core.package_identification:_identify(src) by extension 'colcon_pkg'
[2.496s] Level 1:colcon.colcon_core.package_identification:_identify(src) by extensions ['colcon_meta']
[2.497s] Level 1:colcon.colcon_core.package_identification:_identify(src) by extension 'colcon_meta'
[2.497s] Level 1:colcon.colcon_core.package_identification:_identify(src) by extensions ['ros']
[2.497s] Level 1:colcon.colcon_core.package_identification:_identify(src) by extension 'ros'
[2.498s] Level 1:colcon.colcon_core.package_identification:_identify(src) by extensions ['cmake', 'python']
[2.498s] Level 1:colcon.colcon_core.package_identification:_identify(src) by extension 'cmake'
[2.498s] Level 1:colcon.colcon_core.package_identification:_identify(src) by extension 'python'
[2.498s] Level 1:colcon.colcon_core.package_identification:_identify(src) by extensions ['python_setup_py']
[2.499s] Level 1:colcon.colcon_core.package_identification:_identify(src) by extension 'python_setup_py'
[2.499s] Level 1:colcon.colcon_core.package_identification:_identify(src/locomotion) by extensions ['ignore', 'ignore_ament_install']
[2.500s] Level 1:colcon.colcon_core.package_identification:_identify(src/locomotion) by extension 'ignore'
[2.500s] Level 1:colcon.colcon_core.package_identification:_identify(src/locomotion) by extension 'ignore_ament_install'
[2.500s] Level 1:colcon.colcon_core.package_identification:_identify(src/locomotion) by extensions ['colcon_pkg']
[2.501s] Level 1:colcon.colcon_core.package_identification:_identify(src/locomotion) by extension 'colcon_pkg'
[2.501s] Level 1:colcon.colcon_core.package_identification:_identify(src/locomotion) by extensions ['colcon_meta']
[2.501s] Level 1:colcon.colcon_core.package_identification:_identify(src/locomotion) by extension 'colcon_meta'
[2.501s] Level 1:colcon.colcon_core.package_identification:_identify(src/locomotion) by extensions ['ros']
[2.502s] Level 1:colcon.colcon_core.package_identification:_identify(src/locomotion) by extension 'ros'
[2.591s] DEBUG:colcon.colcon_core.package_identification:Package 'src/locomotion' with type 'ros.ament_python' and name 'locomotion'
[2.592s] Level 1:colcon.colcon_core.package_identification:_identify(src/perception) by extensions ['ignore', 'ignore_ament_install']
[2.593s] Level 1:colcon.colcon_core.package_identification:_identify(src/perception) by extension 'ignore'
[2.593s] Level 1:colcon.colcon_core.package_identification:_identify(src/perception) by extension 'ignore_ament_install'
[2.593s] Level 1:colcon.colcon_core.package_identification:_identify(src/perception) by extensions ['colcon_pkg']
[2.594s] Level 1:colcon.colcon_core.package_identification:_identify(src/perception) by extension 'colcon_pkg'
[2.594s] Level 1:colcon.colcon_core.package_identification:_identify(src/perception) by extensions ['colcon_meta']
[2.594s] Level 1:colcon.colcon_core.package_identification:_identify(src/perception) by extension 'colcon_meta'
[2.594s] Level 1:colcon.colcon_core.package_identification:_identify(src/perception) by extensions ['ros']
[2.595s] Level 1:colcon.colcon_core.package_identification:_identify(src/perception) by extension 'ros'
[2.600s] DEBUG:colcon.colcon_core.package_identification:Package 'src/perception' with type 'ros.ament_python' and name 'perception'
[2.600s] Level 1:colcon.colcon_core.package_discovery:discover_packages(recursive) using defaults
[2.601s] Level 1:colcon.colcon_core.package_discovery:discover_packages(ignore) discover
[2.601s] Level 1:colcon.colcon_core.package_discovery:discover_packages(ignore) using defaults
[2.601s] Level 1:colcon.colcon_core.package_discovery:discover_packages(path) discover
[2.601s] Level 1:colcon.colcon_core.package_discovery:discover_packages(path) using defaults
[2.726s] INFO:colcon.colcon_core.package_selection:Skipping not selected package 'perception' in 'src/perception'
[2.728s] Level 1:colcon.colcon_core.package_discovery:discover_packages(prefix_path) check parameters
[2.729s] Level 1:colcon.colcon_core.package_discovery:discover_packages(prefix_path) discover
[2.739s] DEBUG:colcon.colcon_installed_package_information.package_discovery:Found 1 installed packages in /home/ubuntu/ros2_ws/install
[2.749s] DEBUG:colcon.colcon_installed_package_information.package_discovery:Found 270 installed packages in /opt/ros/humble
[2.762s] Level 1:colcon.colcon_core.package_discovery:discover_packages(prefix_path) using defaults
[3.070s] Level 5:colcon.colcon_core.verb:set package 'locomotion' build argument 'cmake_args' from command line to 'None'
[3.071s] Level 5:colcon.colcon_core.verb:set package 'locomotion' build argument 'cmake_target' from command line to 'None'
[3.071s] Level 5:colcon.colcon_core.verb:set package 'locomotion' build argument 'cmake_target_skip_unavailable' from command line to 'False'
[3.071s] Level 5:colcon.colcon_core.verb:set package 'locomotion' build argument 'cmake_clean_cache' from command line to 'False'
[3.071s] Level 5:colcon.colcon_core.verb:set package 'locomotion' build argument 'cmake_clean_first' from command line to 'False'
[3.071s] Level 5:colcon.colcon_core.verb:set package 'locomotion' build argument 'cmake_force_configure' from command line to 'False'
[3.071s] Level 5:colcon.colcon_core.verb:set package 'locomotion' build argument 'ament_cmake_args' from command line to 'None'
[3.072s] Level 5:colcon.colcon_core.verb:set package 'locomotion' build argument 'catkin_cmake_args' from command line to 'None'
[3.072s] Level 5:colcon.colcon_core.verb:set package 'locomotion' build argument 'catkin_skip_building_tests' from command line to 'False'
[3.072s] DEBUG:colcon.colcon_core.verb:Building package 'locomotion' with the following arguments: {'ament_cmake_args': None, 'build_base': '/home/ubuntu/ros2_ws/build/locomotion', 'catkin_cmake_args': None, 'catkin_skip_building_tests': False, 'cmake_args': None, 'cmake_clean_cache': False, 'cmake_clean_first': False, 'cmake_force_configure': False, 'cmake_target': None, 'cmake_target_skip_unavailable': False, 'install_base': '/home/ubuntu/ros2_ws/install/locomotion', 'merge_install': False, 'path': '/home/ubuntu/ros2_ws/src/locomotion', 'symlink_install': False, 'test_result_base': None}
[3.073s] INFO:colcon.colcon_core.executor:Executing jobs using 'parallel' executor
[3.078s] DEBUG:colcon.colcon_parallel_executor.executor.parallel:run_until_complete
[3.080s] INFO:colcon.colcon_ros.task.ament_python.build:Building ROS package in '/home/ubuntu/ros2_ws/src/locomotion' with build type 'ament_python'
[3.081s] Level 1:colcon.colcon_core.shell:create_environment_hook('locomotion', 'ament_prefix_path')
[3.092s] INFO:colcon.colcon_core.plugin_system:Skipping extension 'colcon_core.shell.bat': Not used on non-Windows systems
[3.094s] INFO:colcon.colcon_core.shell:Creating environment hook '/home/ubuntu/ros2_ws/install/locomotion/share/locomotion/hook/ament_prefix_path.ps1'
[3.098s] INFO:colcon.colcon_core.shell:Creating environment descriptor '/home/ubuntu/ros2_ws/install/locomotion/share/locomotion/hook/ament_prefix_path.dsv'
[3.100s] INFO:colcon.colcon_core.shell:Creating environment hook '/home/ubuntu/ros2_ws/install/locomotion/share/locomotion/hook/ament_prefix_path.sh'
[3.106s] INFO:colcon.colcon_core.shell:Skip shell extension 'powershell' for command environment: Not usable outside of PowerShell
[3.106s] DEBUG:colcon.colcon_core.shell:Skip shell extension 'dsv' for command environment
[5.503s] INFO:colcon.colcon_core.task.python.build:Building Python package in '/home/ubuntu/ros2_ws/src/locomotion'
[5.505s] INFO:colcon.colcon_core.shell:Skip shell extension 'powershell' for command environment: Not usable outside of PowerShell
[5.505s] DEBUG:colcon.colcon_core.shell:Skip shell extension 'dsv' for command environment
[12.713s] DEBUG:colcon.colcon_core.event_handler.log_command:Invoking command in '/home/ubuntu/ros2_ws/src/locomotion': PS1=\[\e]0;\u@\h: \w\a\]${debian_chroot:+($debian_chroot)}\u@\h:\w\$ PYTHONPATH=/home/ubuntu/ros2_ws/build/locomotion/prefix_override:/usr/lib/python3/dist-packages/colcon_core/task/python/colcon_distutils_commands:/home/ubuntu/ros2_ws/install/locomotion/lib/python3.10/site-packages:${PYTHONPATH} VIRTUAL_ENV_PROMPT=(pynq-venv) /usr/bin/python3 -W ignore:setup.py install is deprecated setup.py egg_info --egg-base ../../build/locomotion build --build-base /home/ubuntu/ros2_ws/build/locomotion/build install --record /home/ubuntu/ros2_ws/build/locomotion/install.log --single-version-externally-managed install_data
[15.359s] DEBUG:colcon.colcon_core.event_handler.log_command:Invoked command in '/home/ubuntu/ros2_ws/src/locomotion' returned '0': PS1=\[\e]0;\u@\h: \w\a\]${debian_chroot:+($debian_chroot)}\u@\h:\w\$ PYTHONPATH=/home/ubuntu/ros2_ws/build/locomotion/prefix_override:/usr/lib/python3/dist-packages/colcon_core/task/python/colcon_distutils_commands:/home/ubuntu/ros2_ws/install/locomotion/lib/python3.10/site-packages:${PYTHONPATH} VIRTUAL_ENV_PROMPT=(pynq-venv) /usr/bin/python3 -W ignore:setup.py install is deprecated setup.py egg_info --egg-base ../../build/locomotion build --build-base /home/ubuntu/ros2_ws/build/locomotion/build install --record /home/ubuntu/ros2_ws/build/locomotion/install.log --single-version-externally-managed install_data
[15.371s] Level 1:colcon.colcon_core.environment:checking '/home/ubuntu/ros2_ws/install/locomotion' for CMake module files
[15.374s] Level 1:colcon.colcon_core.environment:checking '/home/ubuntu/ros2_ws/install/locomotion' for CMake config files
[15.379s] Level 1:colcon.colcon_core.environment:checking '/home/ubuntu/ros2_ws/install/locomotion/lib'
[15.380s] Level 1:colcon.colcon_core.environment:checking '/home/ubuntu/ros2_ws/install/locomotion/bin'
[15.381s] Level 1:colcon.colcon_core.environment:checking '/home/ubuntu/ros2_ws/install/locomotion/lib/pkgconfig/locomotion.pc'
[15.382s] Level 1:colcon.colcon_core.environment:checking '/home/ubuntu/ros2_ws/install/locomotion/lib/python3.10/site-packages'
[15.383s] Level 1:colcon.colcon_core.shell:create_environment_hook('locomotion', 'pythonpath')
[15.385s] INFO:colcon.colcon_core.shell:Creating environment hook '/home/ubuntu/ros2_ws/install/locomotion/share/locomotion/hook/pythonpath.ps1'
[15.387s] INFO:colcon.colcon_core.shell:Creating environment descriptor '/home/ubuntu/ros2_ws/install/locomotion/share/locomotion/hook/pythonpath.dsv'
[15.389s] INFO:colcon.colcon_core.shell:Creating environment hook '/home/ubuntu/ros2_ws/install/locomotion/share/locomotion/hook/pythonpath.sh'
[15.393s] Level 1:colcon.colcon_core.environment:checking '/home/ubuntu/ros2_ws/install/locomotion/bin'
[15.394s] Level 1:colcon.colcon_core.environment:create_environment_scripts_only(locomotion)
[15.396s] INFO:colcon.colcon_core.shell:Creating package script '/home/ubuntu/ros2_ws/install/locomotion/share/locomotion/package.ps1'
[15.402s] INFO:colcon.colcon_core.shell:Creating package descriptor '/home/ubuntu/ros2_ws/install/locomotion/share/locomotion/package.dsv'
[15.405s] INFO:colcon.colcon_core.shell:Creating package script '/home/ubuntu/ros2_ws/install/locomotion/share/locomotion/package.sh'
[15.411s] INFO:colcon.colcon_core.shell:Creating package script '/home/ubuntu/ros2_ws/install/locomotion/share/locomotion/package.bash'
[15.416s] INFO:colcon.colcon_core.shell:Creating package script '/home/ubuntu/ros2_ws/install/locomotion/share/locomotion/package.zsh'
[15.420s] Level 1:colcon.colcon_core.environment:create_file_with_runtime_dependencies(/home/ubuntu/ros2_ws/install/locomotion/share/colcon-core/packages/locomotion)
[15.422s] DEBUG:colcon.colcon_parallel_executor.executor.parallel:closing loop
[15.424s] DEBUG:colcon.colcon_parallel_executor.executor.parallel:loop closed
[15.424s] DEBUG:colcon.colcon_parallel_executor.executor.parallel:run_until_complete finished with '0'
[15.425s] DEBUG:colcon.colcon_core.event_reactor:joining thread
[15.452s] INFO:colcon.colcon_core.plugin_system:Skipping extension 'colcon_notification.desktop_notification.terminal_notifier': Not used on non-Darwin systems
[15.453s] INFO:colcon.colcon_core.plugin_system:Skipping extension 'colcon_notification.desktop_notification.win32': Not used on non-Windows systems
[15.453s] INFO:colcon.colcon_notification.desktop_notification:Sending desktop notification using 'notify2'
[15.453s] DEBUG:colcon.colcon_notification.desktop_notification.notify2:Failed to initialize notify2: org.freedesktop.DBus.Error.NotSupported: Unable to autolaunch a dbus-daemon without a $DISPLAY for X11
[15.454s] DEBUG:colcon.colcon_core.event_reactor:joined thread
[15.455s] INFO:colcon.colcon_core.shell:Creating prefix script '/home/ubuntu/ros2_ws/install/local_setup.ps1'
[15.461s] INFO:colcon.colcon_core.shell:Creating prefix util module '/home/ubuntu/ros2_ws/install/_local_setup_util_ps1.py'
[15.471s] INFO:colcon.colcon_core.shell:Creating prefix chain script '/home/ubuntu/ros2_ws/install/setup.ps1'
[15.478s] INFO:colcon.colcon_core.shell:Creating prefix script '/home/ubuntu/ros2_ws/install/local_setup.sh'
[15.481s] INFO:colcon.colcon_core.shell:Creating prefix util module '/home/ubuntu/ros2_ws/install/_local_setup_util_sh.py'
[15.484s] INFO:colcon.colcon_core.shell:Creating prefix chain script '/home/ubuntu/ros2_ws/install/setup.sh'
[15.492s] INFO:colcon.colcon_core.shell:Creating prefix script '/home/ubuntu/ros2_ws/install/local_setup.bash'
[15.495s] INFO:colcon.colcon_core.shell:Creating prefix chain script '/home/ubuntu/ros2_ws/install/setup.bash'
[15.501s] INFO:colcon.colcon_core.shell:Creating prefix script '/home/ubuntu/ros2_ws/install/local_setup.zsh'
[15.505s] INFO:colcon.colcon_core.shell:Creating prefix chain script '/home/ubuntu/ros2_ws/install/setup.zsh'
