[10.478s] Invoking command in '/home/ubuntu/ros2_ws/src/locomotion': PS1=\[\e]0;\u@\h: \w\a\]${debian_chroot:+($debian_chroot)}\u@\h:\w\$ PYTHONPATH=/home/ubuntu/ros2_ws/build/locomotion/prefix_override:/usr/lib/python3/dist-packages/colcon_core/task/python/colcon_distutils_commands:/home/ubuntu/ros2_ws/install/locomotion/lib/python3.10/site-packages:${PYTHONPATH} VIRTUAL_ENV_PROMPT=(pynq-venv) /usr/bin/python3 -W ignore:setup.py install is deprecated setup.py egg_info --egg-base ../../build/locomotion build --build-base /home/ubuntu/ros2_ws/build/locomotion/build install --record /home/ubuntu/ros2_ws/build/locomotion/install.log --single-version-externally-managed install_data
[12.625s] running egg_info
[12.630s] writing ../../build/locomotion/locomotion.egg-info/PKG-INFO
[12.631s] writing dependency_links to ../../build/locomotion/locomotion.egg-info/dependency_links.txt
[12.633s] writing entry points to ../../build/locomotion/locomotion.egg-info/entry_points.txt
[12.633s] writing requirements to ../../build/locomotion/locomotion.egg-info/requires.txt
[12.634s] writing top-level names to ../../build/locomotion/locomotion.egg-info/top_level.txt
[12.702s] reading manifest file '../../build/locomotion/locomotion.egg-info/SOURCES.txt'
[12.705s] adding license file 'LICENSE'
[12.710s] writing manifest file '../../build/locomotion/locomotion.egg-info/SOURCES.txt'
[12.712s] running build
[12.712s] running build_py
[12.713s] copying locomotion/velocity_controller.py -> /home/ubuntu/ros2_ws/build/locomotion/build/lib/locomotion
[12.714s] copying locomotion/rc_remote_control.py -> /home/ubuntu/ros2_ws/build/locomotion/build/lib/locomotion
[12.717s] running install
[12.719s] running install_lib
[12.724s] copying /home/ubuntu/ros2_ws/build/locomotion/build/lib/locomotion/velocity_controller.py -> /home/ubuntu/ros2_ws/install/locomotion/lib/python3.10/site-packages/locomotion
[12.726s] copying /home/ubuntu/ros2_ws/build/locomotion/build/lib/locomotion/rc_remote_control.py -> /home/ubuntu/ros2_ws/install/locomotion/lib/python3.10/site-packages/locomotion
[12.731s] byte-compiling /home/ubuntu/ros2_ws/install/locomotion/lib/python3.10/site-packages/locomotion/velocity_controller.py to velocity_controller.cpython-310.pyc
[12.742s] byte-compiling /home/ubuntu/ros2_ws/install/locomotion/lib/python3.10/site-packages/locomotion/rc_remote_control.py to rc_remote_control.cpython-310.pyc
[12.747s] running install_data
[12.749s] running install_egg_info
[12.758s] removing '/home/ubuntu/ros2_ws/install/locomotion/lib/python3.10/site-packages/locomotion-0.0.1-py3.10.egg-info' (and everything under it)
[12.760s] Copying ../../build/locomotion/locomotion.egg-info to /home/ubuntu/ros2_ws/install/locomotion/lib/python3.10/site-packages/locomotion-0.0.1-py3.10.egg-info
[12.766s] running install_scripts
[12.891s] Installing keyboard_ctrl script to /home/ubuntu/ros2_ws/install/locomotion/lib/locomotion
[12.892s] Installing rc_remote_ctrl script to /home/ubuntu/ros2_ws/install/locomotion/lib/locomotion
[12.893s] Installing vel_ctrl script to /home/ubuntu/ros2_ws/install/locomotion/lib/locomotion
[12.896s] writing list of installed files to '/home/ubuntu/ros2_ws/build/locomotion/install.log'
[13.113s] Invoked command in '/home/ubuntu/ros2_ws/src/locomotion' returned '0': PS1=\[\e]0;\u@\h: \w\a\]${debian_chroot:+($debian_chroot)}\u@\h:\w\$ PYTHONPATH=/home/ubuntu/ros2_ws/build/locomotion/prefix_override:/usr/lib/python3/dist-packages/colcon_core/task/python/colcon_distutils_commands:/home/ubuntu/ros2_ws/install/locomotion/lib/python3.10/site-packages:${PYTHONPATH} VIRTUAL_ENV_PROMPT=(pynq-venv) /usr/bin/python3 -W ignore:setup.py install is deprecated setup.py egg_info --egg-base ../../build/locomotion build --build-base /home/ubuntu/ros2_ws/build/locomotion/build install --record /home/ubuntu/ros2_ws/build/locomotion/install.log --single-version-externally-managed install_data
