[4.423s] Invoking command in '/home/ubuntu/ros2_ws/src/locomotion': PS1=\[\e]0;\u@\h: \w\a\]${debian_chroot:+($debian_chroot)}\u@\h:\w\$ PYTHONPATH=/home/ubuntu/ros2_ws/build/locomotion/prefix_override:/usr/lib/python3/dist-packages/colcon_core/task/python/colcon_distutils_commands:/home/ubuntu/ros2_ws/install/locomotion/lib/python3.10/site-packages:${PYTHONPATH} VIRTUAL_ENV_PROMPT=(pynq-venv) /usr/bin/python3 -W ignore:setup.py install is deprecated setup.py egg_info --egg-base ../../build/locomotion build --build-base /home/ubuntu/ros2_ws/build/locomotion/build install --record /home/ubuntu/ros2_ws/build/locomotion/install.log --single-version-externally-managed install_data
[6.117s] running egg_info
[6.123s] writing ../../build/locomotion/locomotion.egg-info/PKG-INFO
[6.124s] writing dependency_links to ../../build/locomotion/locomotion.egg-info/dependency_links.txt
[6.125s] writing entry points to ../../build/locomotion/locomotion.egg-info/entry_points.txt
[6.126s] writing requirements to ../../build/locomotion/locomotion.egg-info/requires.txt
[6.127s] writing top-level names to ../../build/locomotion/locomotion.egg-info/top_level.txt
[6.138s] reading manifest file '../../build/locomotion/locomotion.egg-info/SOURCES.txt'
[6.140s] adding license file 'LICENSE'
[6.146s] writing manifest file '../../build/locomotion/locomotion.egg-info/SOURCES.txt'
[6.146s] running build
[6.147s] running build_py
[6.148s] copying locomotion/velocity_controller.py -> /home/ubuntu/ros2_ws/build/locomotion/build/lib/locomotion
[6.151s] running install
[6.153s] running install_lib
[6.158s] copying /home/ubuntu/ros2_ws/build/locomotion/build/lib/locomotion/velocity_controller.py -> /home/ubuntu/ros2_ws/install/locomotion/lib/python3.10/site-packages/locomotion
[6.164s] byte-compiling /home/ubuntu/ros2_ws/install/locomotion/lib/python3.10/site-packages/locomotion/velocity_controller.py to velocity_controller.cpython-310.pyc
[6.175s] running install_data
[6.176s] creating /home/ubuntu/ros2_ws/install/locomotion/share/kr260_pixhawk_v2
[6.177s] copying kr260_pixhawk_v2/shell.json -> /home/ubuntu/ros2_ws/install/locomotion/share/kr260_pixhawk_v2
[6.177s] copying kr260_pixhawk_v2/kr260_pixhawk_v2.dtbo -> /home/ubuntu/ros2_ws/install/locomotion/share/kr260_pixhawk_v2
[6.178s] copying kr260_pixhawk_v2/kr260_pixhawk_v2.hwh -> /home/ubuntu/ros2_ws/install/locomotion/share/kr260_pixhawk_v2
[6.185s] copying kr260_pixhawk_v2/kr260_pixhawk_v2.bit -> /home/ubuntu/ros2_ws/install/locomotion/share/kr260_pixhawk_v2
[6.202s] running install_egg_info
[6.212s] removing '/home/ubuntu/ros2_ws/install/locomotion/lib/python3.10/site-packages/locomotion-0.0.1-py3.10.egg-info' (and everything under it)
[6.213s] Copying ../../build/locomotion/locomotion.egg-info to /home/ubuntu/ros2_ws/install/locomotion/lib/python3.10/site-packages/locomotion-0.0.1-py3.10.egg-info
[6.218s] running install_scripts
[6.347s] Installing keyboard_ctrl script to /home/ubuntu/ros2_ws/install/locomotion/lib/locomotion
[6.348s] Installing rc_remote_ctrl script to /home/ubuntu/ros2_ws/install/locomotion/lib/locomotion
[6.349s] Installing vel_ctrl script to /home/ubuntu/ros2_ws/install/locomotion/lib/locomotion
[6.351s] writing list of installed files to '/home/ubuntu/ros2_ws/build/locomotion/install.log'
[6.546s] Invoked command in '/home/ubuntu/ros2_ws/src/locomotion' returned '0': PS1=\[\e]0;\u@\h: \w\a\]${debian_chroot:+($debian_chroot)}\u@\h:\w\$ PYTHONPATH=/home/ubuntu/ros2_ws/build/locomotion/prefix_override:/usr/lib/python3/dist-packages/colcon_core/task/python/colcon_distutils_commands:/home/ubuntu/ros2_ws/install/locomotion/lib/python3.10/site-packages:${PYTHONPATH} VIRTUAL_ENV_PROMPT=(pynq-venv) /usr/bin/python3 -W ignore:setup.py install is deprecated setup.py egg_info --egg-base ../../build/locomotion build --build-base /home/ubuntu/ros2_ws/build/locomotion/build install --record /home/ubuntu/ros2_ws/build/locomotion/install.log --single-version-externally-managed install_data
