[4.455s] Invoking command in '/home/ubuntu/ros2_ws/src/locomotion': PYTHONPATH=/home/ubuntu/ros2_ws/build/locomotion/prefix_override:/usr/lib/python3/dist-packages/colcon_core/task/python/colcon_distutils_commands:/home/ubuntu/ros2_ws/install/locomotion/lib/python3.10/site-packages:${PYTHONPATH} VIRTUAL_ENV_PROMPT=(pynq-venv) /usr/bin/python3 -W ignore:setup.py install is deprecated setup.py egg_info --egg-base ../../build/locomotion build --build-base /home/ubuntu/ros2_ws/build/locomotion/build install --record /home/ubuntu/ros2_ws/build/locomotion/install.log --single-version-externally-managed install_data
[6.187s] running egg_info
[6.192s] writing ../../build/locomotion/locomotion.egg-info/PKG-INFO
[6.193s] writing dependency_links to ../../build/locomotion/locomotion.egg-info/dependency_links.txt
[6.194s] writing entry points to ../../build/locomotion/locomotion.egg-info/entry_points.txt
[6.195s] writing requirements to ../../build/locomotion/locomotion.egg-info/requires.txt
[6.196s] writing top-level names to ../../build/locomotion/locomotion.egg-info/top_level.txt
[6.208s] reading manifest file '../../build/locomotion/locomotion.egg-info/SOURCES.txt'
[6.210s] adding license file 'LICENSE'
[6.215s] writing manifest file '../../build/locomotion/locomotion.egg-info/SOURCES.txt'
[6.216s] running build
[6.216s] running build_py
[6.217s] copying locomotion/ackermann.py -> /home/ubuntu/ros2_ws/build/locomotion/build/lib/locomotion
[6.217s] copying locomotion/velocity_controller.py -> /home/ubuntu/ros2_ws/build/locomotion/build/lib/locomotion
[6.219s] copying locomotion/rc_remote_control.py -> /home/ubuntu/ros2_ws/build/locomotion/build/lib/locomotion
[6.220s] copying locomotion/pid.py -> /home/ubuntu/ros2_ws/build/locomotion/build/lib/locomotion
[6.221s] copying locomotion/transforms.py -> /home/ubuntu/ros2_ws/build/locomotion/build/lib/locomotion
[6.225s] running install
[6.227s] running install_lib
[6.231s] copying /home/ubuntu/ros2_ws/build/locomotion/build/lib/locomotion/ackermann.py -> /home/ubuntu/ros2_ws/install/locomotion/lib/python3.10/site-packages/locomotion
[6.232s] copying /home/ubuntu/ros2_ws/build/locomotion/build/lib/locomotion/velocity_controller.py -> /home/ubuntu/ros2_ws/install/locomotion/lib/python3.10/site-packages/locomotion
[6.234s] copying /home/ubuntu/ros2_ws/build/locomotion/build/lib/locomotion/rc_remote_control.py -> /home/ubuntu/ros2_ws/install/locomotion/lib/python3.10/site-packages/locomotion
[6.235s] copying /home/ubuntu/ros2_ws/build/locomotion/build/lib/locomotion/pid.py -> /home/ubuntu/ros2_ws/install/locomotion/lib/python3.10/site-packages/locomotion
[6.235s] copying /home/ubuntu/ros2_ws/build/locomotion/build/lib/locomotion/transforms.py -> /home/ubuntu/ros2_ws/install/locomotion/lib/python3.10/site-packages/locomotion
[6.239s] byte-compiling /home/ubuntu/ros2_ws/install/locomotion/lib/python3.10/site-packages/locomotion/ackermann.py to ackermann.cpython-310.pyc
[6.248s] byte-compiling /home/ubuntu/ros2_ws/install/locomotion/lib/python3.10/site-packages/locomotion/velocity_controller.py to velocity_controller.cpython-310.pyc
[6.261s] byte-compiling /home/ubuntu/ros2_ws/install/locomotion/lib/python3.10/site-packages/locomotion/rc_remote_control.py to rc_remote_control.cpython-310.pyc
[6.266s] byte-compiling /home/ubuntu/ros2_ws/install/locomotion/lib/python3.10/site-packages/locomotion/pid.py to pid.cpython-310.pyc
[6.269s] byte-compiling /home/ubuntu/ros2_ws/install/locomotion/lib/python3.10/site-packages/locomotion/transforms.py to transforms.cpython-310.pyc
[6.272s] running install_data
[6.273s] running install_egg_info
[6.282s] removing '/home/ubuntu/ros2_ws/install/locomotion/lib/python3.10/site-packages/locomotion-0.0.1-py3.10.egg-info' (and everything under it)
[6.284s] Copying ../../build/locomotion/locomotion.egg-info to /home/ubuntu/ros2_ws/install/locomotion/lib/python3.10/site-packages/locomotion-0.0.1-py3.10.egg-info
[6.289s] running install_scripts
[6.419s] Installing keyboard_ctrl script to /home/ubuntu/ros2_ws/install/locomotion/lib/locomotion
[6.420s] Installing rc_remote_ctrl script to /home/ubuntu/ros2_ws/install/locomotion/lib/locomotion
[6.421s] Installing vel_ctrl script to /home/ubuntu/ros2_ws/install/locomotion/lib/locomotion
[6.425s] writing list of installed files to '/home/ubuntu/ros2_ws/build/locomotion/install.log'
[6.622s] Invoked command in '/home/ubuntu/ros2_ws/src/locomotion' returned '0': PYTHONPATH=/home/ubuntu/ros2_ws/build/locomotion/prefix_override:/usr/lib/python3/dist-packages/colcon_core/task/python/colcon_distutils_commands:/home/ubuntu/ros2_ws/install/locomotion/lib/python3.10/site-packages:${PYTHONPATH} VIRTUAL_ENV_PROMPT=(pynq-venv) /usr/bin/python3 -W ignore:setup.py install is deprecated setup.py egg_info --egg-base ../../build/locomotion build --build-base /home/ubuntu/ros2_ws/build/locomotion/build install --record /home/ubuntu/ros2_ws/build/locomotion/install.log --single-version-externally-managed install_data
