[4.447s] Invoking command in '/home/ubuntu/ros2_ws/src/locomotion': PYTHONPATH=/home/ubuntu/ros2_ws/build/locomotion/prefix_override:/usr/lib/python3/dist-packages/colcon_core/task/python/colcon_distutils_commands:/home/ubuntu/ros2_ws/install/locomotion/lib/python3.10/site-packages:${PYTHONPATH} VIRTUAL_ENV_PROMPT=(pynq-venv) /usr/bin/python3 -W ignore:setup.py install is deprecated setup.py egg_info --egg-base ../../build/locomotion build --build-base /home/ubuntu/ros2_ws/build/locomotion/build install --record /home/ubuntu/ros2_ws/build/locomotion/install.log --single-version-externally-managed install_data
[6.177s] running egg_info
[6.183s] writing ../../build/locomotion/locomotion.egg-info/PKG-INFO
[6.184s] writing dependency_links to ../../build/locomotion/locomotion.egg-info/dependency_links.txt
[6.185s] writing entry points to ../../build/locomotion/locomotion.egg-info/entry_points.txt
[6.185s] writing requirements to ../../build/locomotion/locomotion.egg-info/requires.txt
[6.186s] writing top-level names to ../../build/locomotion/locomotion.egg-info/top_level.txt
[6.199s] reading manifest file '../../build/locomotion/locomotion.egg-info/SOURCES.txt'
[6.200s] adding license file 'LICENSE'
[6.205s] writing manifest file '../../build/locomotion/locomotion.egg-info/SOURCES.txt'
[6.206s] running build
[6.206s] running build_py
[6.212s] running install
[6.214s] running install_lib
[6.225s] running install_data
[6.226s] running install_egg_info
[6.236s] removing '/home/ubuntu/ros2_ws/install/locomotion/lib/python3.10/site-packages/locomotion-0.0.1-py3.10.egg-info' (and everything under it)
[6.237s] Copying ../../build/locomotion/locomotion.egg-info to /home/ubuntu/ros2_ws/install/locomotion/lib/python3.10/site-packages/locomotion-0.0.1-py3.10.egg-info
[6.242s] running install_scripts
[6.373s] Installing keyboard_ctrl script to /home/ubuntu/ros2_ws/install/locomotion/lib/locomotion
[6.374s] Installing rc_remote_ctrl script to /home/ubuntu/ros2_ws/install/locomotion/lib/locomotion
[6.376s] Installing vel_ctrl script to /home/ubuntu/ros2_ws/install/locomotion/lib/locomotion
[6.379s] writing list of installed files to '/home/ubuntu/ros2_ws/build/locomotion/install.log'
[6.574s] Invoked command in '/home/ubuntu/ros2_ws/src/locomotion' returned '0': PYTHONPATH=/home/ubuntu/ros2_ws/build/locomotion/prefix_override:/usr/lib/python3/dist-packages/colcon_core/task/python/colcon_distutils_commands:/home/ubuntu/ros2_ws/install/locomotion/lib/python3.10/site-packages:${PYTHONPATH} VIRTUAL_ENV_PROMPT=(pynq-venv) /usr/bin/python3 -W ignore:setup.py install is deprecated setup.py egg_info --egg-base ../../build/locomotion build --build-base /home/ubuntu/ros2_ws/build/locomotion/build install --record /home/ubuntu/ros2_ws/build/locomotion/install.log --single-version-externally-managed install_data
