[0.750s] DEBUG:colcon:Command line arguments: ['/usr/bin/colcon', 'build', '--packages-select', 'locomotion']
[0.751s] DEBUG:colcon:Parsed command line arguments: Namespace(log_base=None, log_level=None, verb_name='build', build_base='build', install_base='install', merge_install=False, symlink_install=False, test_result_base=None, continue_on_error=False, executor='parallel', parallel_workers=4, event_handlers=None, ignore_user_meta=False, metas=['./colcon.meta'], base_paths=['.'], packages_ignore=None, packages_ignore_regex=None, paths=None, packages_up_to=None, packages_up_to_regex=None, packages_above=None, packages_above_and_dependencies=None, packages_above_depth=None, packages_select_by_dep=None, packages_skip_by_dep=None, packages_skip_up_to=None, packages_select_build_failed=False, packages_skip_build_finished=False, packages_select_test_failures=False, packages_skip_test_passed=False, packages_select=['locomotion'], packages_skip=None, packages_select_regex=None, packages_skip_regex=None, packages_start=None, packages_end=None, allow_overriding=[], cmake_args=None, cmake_target=None, cmake_target_skip_unavailable=False, cmake_clean_cache=False, cmake_clean_first=False, cmake_force_configure=False, ament_cmake_args=None, catkin_cmake_args=None, catkin_skip_building_tests=False, mixin_files=None, mixin=None, verb_parser=<colcon_mixin.mixin.mixin_argument.MixinArgumentDecorator object at 0xffffba15df00>, verb_extension=<colcon_core.verb.build.BuildVerb object at 0xffffba27e530>, main=<bound method BuildVerb.main of <colcon_core.verb.build.BuildVerb object at 0xffffba27e530>>, mixin_verb=('build',))
[1.997s] Level 1:colcon.colcon_core.package_discovery:discover_packages(colcon_meta) check parameters
[1.998s] Level 1:colcon.colcon_core.package_discovery:discover_packages(recursive) check parameters
[1.998s] Level 1:colcon.colcon_core.package_discovery:discover_packages(ignore) check parameters
[1.998s] Level 1:colcon.colcon_core.package_discovery:discover_packages(path) check parameters
[1.998s] Level 1:colcon.colcon_core.package_discovery:discover_packages(colcon_meta) discover
[1.999s] Level 1:colcon.colcon_core.package_discovery:discover_packages(recursive) discover
[1.999s] INFO:colcon.colcon_core.package_discovery:Crawling recursively for packages in '/home/ubuntu/ros2_ws'
[1.999s] Level 1:colcon.colcon_core.package_identification:_identify(.) by extensions ['ignore', 'ignore_ament_install']
[2.000s] Level 1:colcon.colcon_core.package_identification:_identify(.) by extension 'ignore'
[2.000s] Level 1:colcon.colcon_core.package_identification:_identify(.) by extension 'ignore_ament_install'
[2.000s] Level 1:colcon.colcon_core.package_identification:_identify(.) by extensions ['colcon_pkg']
[2.001s] Level 1:colcon.colcon_core.package_identification:_identify(.) by extension 'colcon_pkg'
[2.001s] Level 1:colcon.colcon_core.package_identification:_identify(.) by extensions ['colcon_meta']
[2.001s] Level 1:colcon.colcon_core.package_identification:_identify(.) by extension 'colcon_meta'
[2.001s] Level 1:colcon.colcon_core.package_identification:_identify(.) by extensions ['ros']
[2.002s] Level 1:colcon.colcon_core.package_identification:_identify(.) by extension 'ros'
[2.082s] Level 1:colcon.colcon_core.package_identification:_identify(.) by extensions ['cmake', 'python']
[2.082s] Level 1:colcon.colcon_core.package_identification:_identify(.) by extension 'cmake'
[2.083s] Level 1:colcon.colcon_core.package_identification:_identify(.) by extension 'python'
[2.083s] Level 1:colcon.colcon_core.package_identification:_identify(.) by extensions ['python_setup_py']
[2.083s] Level 1:colcon.colcon_core.package_identification:_identify(.) by extension 'python_setup_py'
[2.084s] Level 1:colcon.colcon_core.package_identification:_identify(build) by extensions ['ignore', 'ignore_ament_install']
[2.084s] Level 1:colcon.colcon_core.package_identification:_identify(build) by extension 'ignore'
[2.085s] Level 1:colcon.colcon_core.package_identification:_identify(build) ignored
[2.085s] Level 1:colcon.colcon_core.package_identification:_identify(install) by extensions ['ignore', 'ignore_ament_install']
[2.086s] Level 1:colcon.colcon_core.package_identification:_identify(install) by extension 'ignore'
[2.086s] Level 1:colcon.colcon_core.package_identification:_identify(install) ignored
[2.087s] Level 1:colcon.colcon_core.package_identification:_identify(log) by extensions ['ignore', 'ignore_ament_install']
[2.087s] Level 1:colcon.colcon_core.package_identification:_identify(log) by extension 'ignore'
[2.087s] Level 1:colcon.colcon_core.package_identification:_identify(log) ignored
[2.088s] Level 1:colcon.colcon_core.package_identification:_identify(src) by extensions ['ignore', 'ignore_ament_install']
[2.088s] Level 1:colcon.colcon_core.package_identification:_identify(src) by extension 'ignore'
[2.089s] Level 1:colcon.colcon_core.package_identification:_identify(src) by extension 'ignore_ament_install'
[2.089s] Level 1:colcon.colcon_core.package_identification:_identify(src) by extensions ['colcon_pkg']
[2.089s] Level 1:colcon.colcon_core.package_identification:_identify(src) by extension 'colcon_pkg'
[2.089s] Level 1:colcon.colcon_core.package_identification:_identify(src) by extensions ['colcon_meta']
[2.090s] Level 1:colcon.colcon_core.package_identification:_identify(src) by extension 'colcon_meta'
[2.090s] Level 1:colcon.colcon_core.package_identification:_identify(src) by extensions ['ros']
[2.090s] Level 1:colcon.colcon_core.package_identification:_identify(src) by extension 'ros'
[2.091s] Level 1:colcon.colcon_core.package_identification:_identify(src) by extensions ['cmake', 'python']
[2.091s] Level 1:colcon.colcon_core.package_identification:_identify(src) by extension 'cmake'
[2.091s] Level 1:colcon.colcon_core.package_identification:_identify(src) by extension 'python'
[2.091s] Level 1:colcon.colcon_core.package_identification:_identify(src) by extensions ['python_setup_py']
[2.092s] Level 1:colcon.colcon_core.package_identification:_identify(src) by extension 'python_setup_py'
[2.092s] Level 1:colcon.colcon_core.package_identification:_identify(src/locomotion) by extensions ['ignore', 'ignore_ament_install']
[2.093s] Level 1:colcon.colcon_core.package_identification:_identify(src/locomotion) by extension 'ignore'
[2.093s] Level 1:colcon.colcon_core.package_identification:_identify(src/locomotion) by extension 'ignore_ament_install'
[2.093s] Level 1:colcon.colcon_core.package_identification:_identify(src/locomotion) by extensions ['colcon_pkg']
[2.094s] Level 1:colcon.colcon_core.package_identification:_identify(src/locomotion) by extension 'colcon_pkg'
[2.094s] Level 1:colcon.colcon_core.package_identification:_identify(src/locomotion) by extensions ['colcon_meta']
[2.094s] Level 1:colcon.colcon_core.package_identification:_identify(src/locomotion) by extension 'colcon_meta'
[2.094s] Level 1:colcon.colcon_core.package_identification:_identify(src/locomotion) by extensions ['ros']
[2.095s] Level 1:colcon.colcon_core.package_identification:_identify(src/locomotion) by extension 'ros'
[2.110s] DEBUG:colcon.colcon_core.package_identification:Package 'src/locomotion' with type 'ros.ament_python' and name 'locomotion'
[2.110s] Level 1:colcon.colcon_core.package_discovery:discover_packages(recursive) using defaults
[2.111s] Level 1:colcon.colcon_core.package_discovery:discover_packages(ignore) discover
[2.111s] Level 1:colcon.colcon_core.package_discovery:discover_packages(ignore) using defaults
[2.111s] Level 1:colcon.colcon_core.package_discovery:discover_packages(path) discover
[2.111s] Level 1:colcon.colcon_core.package_discovery:discover_packages(path) using defaults
[2.235s] Level 1:colcon.colcon_core.package_discovery:discover_packages(prefix_path) check parameters
[2.236s] Level 1:colcon.colcon_core.package_discovery:discover_packages(prefix_path) discover
[2.253s] DEBUG:colcon.colcon_installed_package_information.package_discovery:Found 270 installed packages in /opt/ros/humble
[2.273s] Level 1:colcon.colcon_core.package_discovery:discover_packages(prefix_path) using defaults
[2.659s] Level 5:colcon.colcon_core.verb:set package 'locomotion' build argument 'cmake_args' from command line to 'None'
[2.660s] Level 5:colcon.colcon_core.verb:set package 'locomotion' build argument 'cmake_target' from command line to 'None'
[2.660s] Level 5:colcon.colcon_core.verb:set package 'locomotion' build argument 'cmake_target_skip_unavailable' from command line to 'False'
[2.660s] Level 5:colcon.colcon_core.verb:set package 'locomotion' build argument 'cmake_clean_cache' from command line to 'False'
[2.660s] Level 5:colcon.colcon_core.verb:set package 'locomotion' build argument 'cmake_clean_first' from command line to 'False'
[2.660s] Level 5:colcon.colcon_core.verb:set package 'locomotion' build argument 'cmake_force_configure' from command line to 'False'
[2.661s] Level 5:colcon.colcon_core.verb:set package 'locomotion' build argument 'ament_cmake_args' from command line to 'None'
[2.661s] Level 5:colcon.colcon_core.verb:set package 'locomotion' build argument 'catkin_cmake_args' from command line to 'None'
[2.661s] Level 5:colcon.colcon_core.verb:set package 'locomotion' build argument 'catkin_skip_building_tests' from command line to 'False'
[2.661s] DEBUG:colcon.colcon_core.verb:Building package 'locomotion' with the following arguments: {'ament_cmake_args': None, 'build_base': '/home/ubuntu/ros2_ws/build/locomotion', 'catkin_cmake_args': None, 'catkin_skip_building_tests': False, 'cmake_args': None, 'cmake_clean_cache': False, 'cmake_clean_first': False, 'cmake_force_configure': False, 'cmake_target': None, 'cmake_target_skip_unavailable': False, 'install_base': '/home/ubuntu/ros2_ws/install/locomotion', 'merge_install': False, 'path': '/home/ubuntu/ros2_ws/src/locomotion', 'symlink_install': False, 'test_result_base': None}
[2.662s] INFO:colcon.colcon_core.executor:Executing jobs using 'parallel' executor
[2.667s] DEBUG:colcon.colcon_parallel_executor.executor.parallel:run_until_complete
[2.669s] INFO:colcon.colcon_ros.task.ament_python.build:Building ROS package in '/home/ubuntu/ros2_ws/src/locomotion' with build type 'ament_python'
[2.670s] Level 1:colcon.colcon_core.shell:create_environment_hook('locomotion', 'ament_prefix_path')
[2.682s] INFO:colcon.colcon_core.plugin_system:Skipping extension 'colcon_core.shell.bat': Not used on non-Windows systems
[2.684s] INFO:colcon.colcon_core.shell:Creating environment hook '/home/ubuntu/ros2_ws/install/locomotion/share/locomotion/hook/ament_prefix_path.ps1'
[2.688s] INFO:colcon.colcon_core.shell:Creating environment descriptor '/home/ubuntu/ros2_ws/install/locomotion/share/locomotion/hook/ament_prefix_path.dsv'
[2.691s] INFO:colcon.colcon_core.shell:Creating environment hook '/home/ubuntu/ros2_ws/install/locomotion/share/locomotion/hook/ament_prefix_path.sh'
[2.696s] INFO:colcon.colcon_core.shell:Skip shell extension 'powershell' for command environment: Not usable outside of PowerShell
[2.696s] DEBUG:colcon.colcon_core.shell:Skip shell extension 'dsv' for command environment
[4.563s] INFO:colcon.colcon_core.task.python.build:Building Python package in '/home/ubuntu/ros2_ws/src/locomotion'
[4.565s] INFO:colcon.colcon_core.shell:Skip shell extension 'powershell' for command environment: Not usable outside of PowerShell
[4.565s] DEBUG:colcon.colcon_core.shell:Skip shell extension 'dsv' for command environment
[7.127s] DEBUG:colcon.colcon_core.event_handler.log_command:Invoking command in '/home/ubuntu/ros2_ws/src/locomotion': PYTHONPATH=/home/ubuntu/ros2_ws/build/locomotion/prefix_override:/usr/lib/python3/dist-packages/colcon_core/task/python/colcon_distutils_commands:/home/ubuntu/ros2_ws/install/locomotion/lib/python3.10/site-packages:${PYTHONPATH} VIRTUAL_ENV_PROMPT=(pynq-venv) /usr/bin/python3 -W ignore:setup.py install is deprecated setup.py egg_info --egg-base ../../build/locomotion build --build-base /home/ubuntu/ros2_ws/build/locomotion/build install --record /home/ubuntu/ros2_ws/build/locomotion/install.log --single-version-externally-managed install_data
[9.293s] DEBUG:colcon.colcon_core.event_handler.log_command:Invoked command in '/home/ubuntu/ros2_ws/src/locomotion' returned '0': PYTHONPATH=/home/ubuntu/ros2_ws/build/locomotion/prefix_override:/usr/lib/python3/dist-packages/colcon_core/task/python/colcon_distutils_commands:/home/ubuntu/ros2_ws/install/locomotion/lib/python3.10/site-packages:${PYTHONPATH} VIRTUAL_ENV_PROMPT=(pynq-venv) /usr/bin/python3 -W ignore:setup.py install is deprecated setup.py egg_info --egg-base ../../build/locomotion build --build-base /home/ubuntu/ros2_ws/build/locomotion/build install --record /home/ubuntu/ros2_ws/build/locomotion/install.log --single-version-externally-managed install_data
[9.305s] Level 1:colcon.colcon_core.environment:checking '/home/ubuntu/ros2_ws/install/locomotion' for CMake module files
[9.308s] Level 1:colcon.colcon_core.environment:checking '/home/ubuntu/ros2_ws/install/locomotion' for CMake config files
[9.313s] Level 1:colcon.colcon_core.environment:checking '/home/ubuntu/ros2_ws/install/locomotion/lib'
[9.313s] Level 1:colcon.colcon_core.environment:checking '/home/ubuntu/ros2_ws/install/locomotion/bin'
[9.314s] Level 1:colcon.colcon_core.environment:checking '/home/ubuntu/ros2_ws/install/locomotion/lib/pkgconfig/locomotion.pc'
[9.315s] Level 1:colcon.colcon_core.environment:checking '/home/ubuntu/ros2_ws/install/locomotion/lib/python3.10/site-packages'
[9.316s] Level 1:colcon.colcon_core.shell:create_environment_hook('locomotion', 'pythonpath')
[9.317s] INFO:colcon.colcon_core.shell:Creating environment hook '/home/ubuntu/ros2_ws/install/locomotion/share/locomotion/hook/pythonpath.ps1'
[9.320s] INFO:colcon.colcon_core.shell:Creating environment descriptor '/home/ubuntu/ros2_ws/install/locomotion/share/locomotion/hook/pythonpath.dsv'
[9.322s] INFO:colcon.colcon_core.shell:Creating environment hook '/home/ubuntu/ros2_ws/install/locomotion/share/locomotion/hook/pythonpath.sh'
[9.326s] Level 1:colcon.colcon_core.environment:checking '/home/ubuntu/ros2_ws/install/locomotion/bin'
[9.326s] Level 1:colcon.colcon_core.environment:create_environment_scripts_only(locomotion)
[9.329s] INFO:colcon.colcon_core.shell:Creating package script '/home/ubuntu/ros2_ws/install/locomotion/share/locomotion/package.ps1'
[9.334s] INFO:colcon.colcon_core.shell:Creating package descriptor '/home/ubuntu/ros2_ws/install/locomotion/share/locomotion/package.dsv'
[9.338s] INFO:colcon.colcon_core.shell:Creating package script '/home/ubuntu/ros2_ws/install/locomotion/share/locomotion/package.sh'
[9.343s] INFO:colcon.colcon_core.shell:Creating package script '/home/ubuntu/ros2_ws/install/locomotion/share/locomotion/package.bash'
[9.349s] INFO:colcon.colcon_core.shell:Creating package script '/home/ubuntu/ros2_ws/install/locomotion/share/locomotion/package.zsh'
[9.354s] Level 1:colcon.colcon_core.environment:create_file_with_runtime_dependencies(/home/ubuntu/ros2_ws/install/locomotion/share/colcon-core/packages/locomotion)
[9.355s] DEBUG:colcon.colcon_parallel_executor.executor.parallel:closing loop
[9.357s] DEBUG:colcon.colcon_parallel_executor.executor.parallel:loop closed
[9.358s] DEBUG:colcon.colcon_parallel_executor.executor.parallel:run_until_complete finished with '0'
[9.358s] DEBUG:colcon.colcon_core.event_reactor:joining thread
[9.384s] INFO:colcon.colcon_core.plugin_system:Skipping extension 'colcon_notification.desktop_notification.terminal_notifier': Not used on non-Darwin systems
[9.385s] INFO:colcon.colcon_core.plugin_system:Skipping extension 'colcon_notification.desktop_notification.win32': Not used on non-Windows systems
[9.385s] INFO:colcon.colcon_notification.desktop_notification:Sending desktop notification using 'notify2'
[9.389s] DEBUG:colcon.colcon_notification.desktop_notification.notify2:Failed to initialize notify2: org.freedesktop.DBus.Error.ServiceUnknown: The name org.freedesktop.Notifications was not provided by any .service files
[9.390s] DEBUG:colcon.colcon_core.event_reactor:joined thread
[9.392s] INFO:colcon.colcon_core.shell:Creating prefix script '/home/ubuntu/ros2_ws/install/local_setup.ps1'
[9.398s] INFO:colcon.colcon_core.shell:Creating prefix util module '/home/ubuntu/ros2_ws/install/_local_setup_util_ps1.py'
[9.407s] INFO:colcon.colcon_core.shell:Creating prefix chain script '/home/ubuntu/ros2_ws/install/setup.ps1'
[9.413s] INFO:colcon.colcon_core.shell:Creating prefix script '/home/ubuntu/ros2_ws/install/local_setup.sh'
[9.418s] INFO:colcon.colcon_core.shell:Creating prefix util module '/home/ubuntu/ros2_ws/install/_local_setup_util_sh.py'
[9.421s] INFO:colcon.colcon_core.shell:Creating prefix chain script '/home/ubuntu/ros2_ws/install/setup.sh'
[9.427s] INFO:colcon.colcon_core.shell:Creating prefix script '/home/ubuntu/ros2_ws/install/local_setup.bash'
[9.431s] INFO:colcon.colcon_core.shell:Creating prefix chain script '/home/ubuntu/ros2_ws/install/setup.bash'
[9.437s] INFO:colcon.colcon_core.shell:Creating prefix script '/home/ubuntu/ros2_ws/install/local_setup.zsh'
[9.440s] INFO:colcon.colcon_core.shell:Creating prefix chain script '/home/ubuntu/ros2_ws/install/setup.zsh'
