[4.527s] Invoking command in '/home/ubuntu/ros2_ws/src/locomotion': PS1=(pynq-venv) ${debian_chroot:+($debian_chroot)}\u@\h:\w\$ PYTHONPATH=/home/ubuntu/ros2_ws/build/locomotion/prefix_override:/usr/lib/python3/dist-packages/colcon_core/task/python/colcon_distutils_commands:/home/ubuntu/ros2_ws/install/locomotion/lib/python3.10/site-packages:${PYTHONPATH} VIRTUAL_ENV_PROMPT=(pynq-venv) /usr/bin/python3 -W ignore:setup.py install is deprecated setup.py egg_info --egg-base ../../build/locomotion build --build-base /home/ubuntu/ros2_ws/build/locomotion/build install --record /home/ubuntu/ros2_ws/build/locomotion/install.log --single-version-externally-managed install_data
[6.348s] running egg_info
[6.354s] writing ../../build/locomotion/locomotion.egg-info/PKG-INFO
[6.356s] writing dependency_links to ../../build/locomotion/locomotion.egg-info/dependency_links.txt
[6.357s] writing entry points to ../../build/locomotion/locomotion.egg-info/entry_points.txt
[6.358s] writing requirements to ../../build/locomotion/locomotion.egg-info/requires.txt
[6.359s] writing top-level names to ../../build/locomotion/locomotion.egg-info/top_level.txt
[6.372s] reading manifest file '../../build/locomotion/locomotion.egg-info/SOURCES.txt'
[6.373s] adding license file 'LICENSE'
[6.378s] writing manifest file '../../build/locomotion/locomotion.egg-info/SOURCES.txt'
[6.379s] running build
[6.380s] running build_py
[6.383s] running install
[6.385s] running install_lib
[6.396s] running install_data
[6.397s] running install_egg_info
[6.407s] removing '/home/ubuntu/ros2_ws/install/locomotion/lib/python3.10/site-packages/locomotion-0.0.1-py3.10.egg-info' (and everything under it)
[6.409s] Copying ../../build/locomotion/locomotion.egg-info to /home/ubuntu/ros2_ws/install/locomotion/lib/python3.10/site-packages/locomotion-0.0.1-py3.10.egg-info
[6.413s] running install_scripts
[6.547s] Installing keyboard_ctrl script to /home/ubuntu/ros2_ws/install/locomotion/lib/locomotion
[6.548s] Installing rc_remote_ctrl script to /home/ubuntu/ros2_ws/install/locomotion/lib/locomotion
[6.549s] Installing vel_ctrl script to /home/ubuntu/ros2_ws/install/locomotion/lib/locomotion
[6.551s] writing list of installed files to '/home/ubuntu/ros2_ws/build/locomotion/install.log'
[6.761s] Invoked command in '/home/ubuntu/ros2_ws/src/locomotion' returned '0': PS1=(pynq-venv) ${debian_chroot:+($debian_chroot)}\u@\h:\w\$ PYTHONPATH=/home/ubuntu/ros2_ws/build/locomotion/prefix_override:/usr/lib/python3/dist-packages/colcon_core/task/python/colcon_distutils_commands:/home/ubuntu/ros2_ws/install/locomotion/lib/python3.10/site-packages:${PYTHONPATH} VIRTUAL_ENV_PROMPT=(pynq-venv) /usr/bin/python3 -W ignore:setup.py install is deprecated setup.py egg_info --egg-base ../../build/locomotion build --build-base /home/ubuntu/ros2_ws/build/locomotion/build install --record /home/ubuntu/ros2_ws/build/locomotion/install.log --single-version-externally-managed install_data
