/home/ubuntu/ros2_ws/install/perception/lib/python3.10/site-packages/perception/vision_perception.py
/home/ubuntu/ros2_ws/install/perception/lib/python3.10/site-packages/perception/__init__.py
/home/ubuntu/ros2_ws/install/perception/lib/python3.10/site-packages/perception/gnss_receiver.py
/home/ubuntu/ros2_ws/install/perception/lib/python3.10/site-packages/perception/transforms.py
/home/ubuntu/ros2_ws/install/perception/lib/python3.10/site-packages/perception/__pycache__/vision_perception.cpython-310.pyc
/home/ubuntu/ros2_ws/install/perception/lib/python3.10/site-packages/perception/__pycache__/__init__.cpython-310.pyc
/home/ubuntu/ros2_ws/install/perception/lib/python3.10/site-packages/perception/__pycache__/gnss_receiver.cpython-310.pyc
/home/ubuntu/ros2_ws/install/perception/lib/python3.10/site-packages/perception/__pycache__/transforms.cpython-310.pyc
/home/ubuntu/ros2_ws/install/perception/share/ament_index/resource_index/packages/perception
/home/ubuntu/ros2_ws/install/perception/share/perception/package.xml
/home/ubuntu/ros2_ws/install/perception/share/kr260_pynq/dpu.bit
/home/ubuntu/ros2_ws/install/perception/share/kr260_pynq/dpu.hwh
/home/ubuntu/ros2_ws/install/perception/share/kr260_pynq/dpu.xclbin
/home/ubuntu/ros2_ws/install/perception/lib/python3.10/site-packages/perception-0.0.1-py3.10.egg-info/SOURCES.txt
/home/ubuntu/ros2_ws/install/perception/lib/python3.10/site-packages/perception-0.0.1-py3.10.egg-info/PKG-INFO
/home/ubuntu/ros2_ws/install/perception/lib/python3.10/site-packages/perception-0.0.1-py3.10.egg-info/top_level.txt
/home/ubuntu/ros2_ws/install/perception/lib/python3.10/site-packages/perception-0.0.1-py3.10.egg-info/entry_points.txt
/home/ubuntu/ros2_ws/install/perception/lib/python3.10/site-packages/perception-0.0.1-py3.10.egg-info/zip-safe
/home/ubuntu/ros2_ws/install/perception/lib/python3.10/site-packages/perception-0.0.1-py3.10.egg-info/dependency_links.txt
/home/ubuntu/ros2_ws/install/perception/lib/python3.10/site-packages/perception-0.0.1-py3.10.egg-info/requires.txt
/home/ubuntu/ros2_ws/install/perception/lib/perception/gnss_receiver
