running egg_info
writing ../../build/perception/perception.egg-info/PKG-INFO
writing dependency_links to ../../build/perception/perception.egg-info/dependency_links.txt
writing entry points to ../../build/perception/perception.egg-info/entry_points.txt
writing requirements to ../../build/perception/perception.egg-info/requires.txt
writing top-level names to ../../build/perception/perception.egg-info/top_level.txt
reading manifest file '../../build/perception/perception.egg-info/SOURCES.txt'
writing manifest file '../../build/perception/perception.egg-info/SOURCES.txt'
running build
running build_py
copying perception/gnss_receiver.py -> /home/ubuntu/ros2_ws/build/perception/build/lib/perception
running install
running install_lib
copying /home/ubuntu/ros2_ws/build/perception/build/lib/perception/gnss_receiver.py -> /home/ubuntu/ros2_ws/install/perception/lib/python3.10/site-packages/perception
byte-compiling /home/ubuntu/ros2_ws/install/perception/lib/python3.10/site-packages/perception/gnss_receiver.py to gnss_receiver.cpython-310.pyc
running install_data
running install_egg_info
removing '/home/ubuntu/ros2_ws/install/perception/lib/python3.10/site-packages/perception-0.0.1-py3.10.egg-info' (and everything under it)
Copying ../../build/perception/perception.egg-info to /home/ubuntu/ros2_ws/install/perception/lib/python3.10/site-packages/perception-0.0.1-py3.10.egg-info
running install_scripts
Installing gnss_receiver script to /home/ubuntu/ros2_ws/install/perception/lib/perception
writing list of installed files to '/home/ubuntu/ros2_ws/build/perception/install.log'
