[4.438s] Invoking command in '/home/ubuntu/ros2_ws/src/locomotion': PS1=\[\e]0;\u@\h: \w\a\]${debian_chroot:+($debian_chroot)}\u@\h:\w\$ PYTHONPATH=/home/ubuntu/ros2_ws/build/locomotion/prefix_override:/usr/lib/python3/dist-packages/colcon_core/task/python/colcon_distutils_commands:/home/ubuntu/ros2_ws/install/locomotion/lib/python3.10/site-packages:${PYTHONPATH} VIRTUAL_ENV_PROMPT=(pynq-venv) /usr/bin/python3 -W ignore:setup.py install is deprecated setup.py egg_info --egg-base ../../build/locomotion build --build-base /home/ubuntu/ros2_ws/build/locomotion/build install --record /home/ubuntu/ros2_ws/build/locomotion/install.log --single-version-externally-managed install_data
[6.140s] running egg_info
[6.145s] writing ../../build/locomotion/locomotion.egg-info/PKG-INFO
[6.146s] writing dependency_links to ../../build/locomotion/locomotion.egg-info/dependency_links.txt
[6.147s] writing entry points to ../../build/locomotion/locomotion.egg-info/entry_points.txt
[6.148s] writing requirements to ../../build/locomotion/locomotion.egg-info/requires.txt
[6.149s] writing top-level names to ../../build/locomotion/locomotion.egg-info/top_level.txt
[6.161s] reading manifest file '../../build/locomotion/locomotion.egg-info/SOURCES.txt'
[6.162s] adding license file 'LICENSE'
[6.169s] writing manifest file '../../build/locomotion/locomotion.egg-info/SOURCES.txt'
[6.169s] running build
[6.170s] running build_py
[6.170s] copying locomotion/velocity_controller.py -> /home/ubuntu/ros2_ws/build/locomotion/build/lib/locomotion
[6.174s] running install
[6.176s] running install_lib
[6.181s] copying /home/ubuntu/ros2_ws/build/locomotion/build/lib/locomotion/velocity_controller.py -> /home/ubuntu/ros2_ws/install/locomotion/lib/python3.10/site-packages/locomotion
[6.187s] byte-compiling /home/ubuntu/ros2_ws/install/locomotion/lib/python3.10/site-packages/locomotion/velocity_controller.py to velocity_controller.cpython-310.pyc
[6.198s] running install_data
[6.199s] running install_egg_info
[6.209s] removing '/home/ubuntu/ros2_ws/install/locomotion/lib/python3.10/site-packages/locomotion-0.0.1-py3.10.egg-info' (and everything under it)
[6.211s] Copying ../../build/locomotion/locomotion.egg-info to /home/ubuntu/ros2_ws/install/locomotion/lib/python3.10/site-packages/locomotion-0.0.1-py3.10.egg-info
[6.215s] running install_scripts
[6.344s] Installing keyboard_ctrl script to /home/ubuntu/ros2_ws/install/locomotion/lib/locomotion
[6.345s] Installing rc_remote_ctrl script to /home/ubuntu/ros2_ws/install/locomotion/lib/locomotion
[6.346s] Installing vel_ctrl script to /home/ubuntu/ros2_ws/install/locomotion/lib/locomotion
[6.349s] writing list of installed files to '/home/ubuntu/ros2_ws/build/locomotion/install.log'
[6.544s] Invoked command in '/home/ubuntu/ros2_ws/src/locomotion' returned '0': PS1=\[\e]0;\u@\h: \w\a\]${debian_chroot:+($debian_chroot)}\u@\h:\w\$ PYTHONPATH=/home/ubuntu/ros2_ws/build/locomotion/prefix_override:/usr/lib/python3/dist-packages/colcon_core/task/python/colcon_distutils_commands:/home/ubuntu/ros2_ws/install/locomotion/lib/python3.10/site-packages:${PYTHONPATH} VIRTUAL_ENV_PROMPT=(pynq-venv) /usr/bin/python3 -W ignore:setup.py install is deprecated setup.py egg_info --egg-base ../../build/locomotion build --build-base /home/ubuntu/ros2_ws/build/locomotion/build install --record /home/ubuntu/ros2_ws/build/locomotion/install.log --single-version-externally-managed install_data
