[4.414s] Invoking command in '/home/ubuntu/ros2_ws/src/locomotion': PS1=\[\e]0;\u@\h: \w\a\]${debian_chroot:+($debian_chroot)}\u@\h:\w\$ PYTHONPATH=/home/ubuntu/ros2_ws/build/locomotion/prefix_override:/usr/lib/python3/dist-packages/colcon_core/task/python/colcon_distutils_commands:/home/ubuntu/ros2_ws/install/locomotion/lib/python3.10/site-packages:${PYTHONPATH} VIRTUAL_ENV_PROMPT=(pynq-venv) /usr/bin/python3 -W ignore:setup.py install is deprecated setup.py egg_info --egg-base ../../build/locomotion build --build-base /home/ubuntu/ros2_ws/build/locomotion/build install --record /home/ubuntu/ros2_ws/build/locomotion/install.log --single-version-externally-managed install_data
[6.105s] running egg_info
[6.110s] writing ../../build/locomotion/locomotion.egg-info/PKG-INFO
[6.111s] writing dependency_links to ../../build/locomotion/locomotion.egg-info/dependency_links.txt
[6.112s] writing entry points to ../../build/locomotion/locomotion.egg-info/entry_points.txt
[6.113s] writing requirements to ../../build/locomotion/locomotion.egg-info/requires.txt
[6.114s] writing top-level names to ../../build/locomotion/locomotion.egg-info/top_level.txt
[6.128s] reading manifest file '../../build/locomotion/locomotion.egg-info/SOURCES.txt'
[6.129s] adding license file 'LICENSE'
[6.135s] writing manifest file '../../build/locomotion/locomotion.egg-info/SOURCES.txt'
[6.135s] running build
[6.136s] running build_py
[6.139s] running install
[6.141s] running install_lib
[6.153s] running install_data
[6.154s] creating /home/ubuntu/ros2_ws/install/locomotion/share/locomotion/kr260_pixhawk_v2
[6.154s] copying kr260_pixhawk_v2/shell.json -> /home/ubuntu/ros2_ws/install/locomotion/share/locomotion/kr260_pixhawk_v2
[6.155s] copying kr260_pixhawk_v2/kr260_pixhawk_v2.dtbo -> /home/ubuntu/ros2_ws/install/locomotion/share/locomotion/kr260_pixhawk_v2
[6.156s] copying kr260_pixhawk_v2/kr260_pixhawk_v2.hwh -> /home/ubuntu/ros2_ws/install/locomotion/share/locomotion/kr260_pixhawk_v2
[6.162s] copying kr260_pixhawk_v2/kr260_pixhawk_v2.bit -> /home/ubuntu/ros2_ws/install/locomotion/share/locomotion/kr260_pixhawk_v2
[6.179s] running install_egg_info
[6.189s] removing '/home/ubuntu/ros2_ws/install/locomotion/lib/python3.10/site-packages/locomotion-0.0.1-py3.10.egg-info' (and everything under it)
[6.191s] Copying ../../build/locomotion/locomotion.egg-info to /home/ubuntu/ros2_ws/install/locomotion/lib/python3.10/site-packages/locomotion-0.0.1-py3.10.egg-info
[6.195s] running install_scripts
[6.325s] Installing keyboard_ctrl script to /home/ubuntu/ros2_ws/install/locomotion/lib/locomotion
[6.326s] Installing rc_remote_ctrl script to /home/ubuntu/ros2_ws/install/locomotion/lib/locomotion
[6.326s] Installing vel_ctrl script to /home/ubuntu/ros2_ws/install/locomotion/lib/locomotion
[6.329s] writing list of installed files to '/home/ubuntu/ros2_ws/build/locomotion/install.log'
[6.524s] Invoked command in '/home/ubuntu/ros2_ws/src/locomotion' returned '0': PS1=\[\e]0;\u@\h: \w\a\]${debian_chroot:+($debian_chroot)}\u@\h:\w\$ PYTHONPATH=/home/ubuntu/ros2_ws/build/locomotion/prefix_override:/usr/lib/python3/dist-packages/colcon_core/task/python/colcon_distutils_commands:/home/ubuntu/ros2_ws/install/locomotion/lib/python3.10/site-packages:${PYTHONPATH} VIRTUAL_ENV_PROMPT=(pynq-venv) /usr/bin/python3 -W ignore:setup.py install is deprecated setup.py egg_info --egg-base ../../build/locomotion build --build-base /home/ubuntu/ros2_ws/build/locomotion/build install --record /home/ubuntu/ros2_ws/build/locomotion/install.log --single-version-externally-managed install_data
