[9.171s] Invoking command in '/home/ubuntu/ros2_ws/src/locomotion': PYTHONPATH=/home/ubuntu/ros2_ws/build/locomotion/prefix_override:/usr/lib/python3/dist-packages/colcon_core/task/python/colcon_distutils_commands:/home/ubuntu/ros2_ws/install/locomotion/lib/python3.10/site-packages:${PYTHONPATH} VIRTUAL_ENV_PROMPT=(pynq-venv) /usr/bin/python3 -W ignore:setup.py install is deprecated setup.py egg_info --egg-base ../../build/locomotion build --build-base /home/ubuntu/ros2_ws/build/locomotion/build install --record /home/ubuntu/ros2_ws/build/locomotion/install.log --single-version-externally-managed install_data
[10.960s] running egg_info
[10.963s] writing ../../build/locomotion/locomotion.egg-info/PKG-INFO
[10.964s] writing dependency_links to ../../build/locomotion/locomotion.egg-info/dependency_links.txt
[10.965s] writing entry points to ../../build/locomotion/locomotion.egg-info/entry_points.txt
[10.966s] writing requirements to ../../build/locomotion/locomotion.egg-info/requires.txt
[10.969s] writing top-level names to ../../build/locomotion/locomotion.egg-info/top_level.txt
[11.021s] reading manifest file '../../build/locomotion/locomotion.egg-info/SOURCES.txt'
[11.023s] adding license file 'LICENSE'
[11.028s] writing manifest file '../../build/locomotion/locomotion.egg-info/SOURCES.txt'
[11.029s] running build
[11.029s] running build_py
[11.030s] copying locomotion/velocity_controller.py -> /home/ubuntu/ros2_ws/build/locomotion/build/lib/locomotion
[11.034s] running install
[11.036s] running install_lib
[11.039s] copying /home/ubuntu/ros2_ws/build/locomotion/build/lib/locomotion/velocity_controller.py -> /home/ubuntu/ros2_ws/install/locomotion/lib/python3.10/site-packages/locomotion
[11.046s] byte-compiling /home/ubuntu/ros2_ws/install/locomotion/lib/python3.10/site-packages/locomotion/velocity_controller.py to velocity_controller.cpython-310.pyc
[11.057s] running install_data
[11.058s] running install_egg_info
[11.068s] removing '/home/ubuntu/ros2_ws/install/locomotion/lib/python3.10/site-packages/locomotion-0.0.1-py3.10.egg-info' (and everything under it)
[11.069s] error removing /home/ubuntu/ros2_ws/install/locomotion/lib/python3.10/site-packages/locomotion-0.0.1-py3.10.egg-info: [Errno 13] Permission denied: '/home/ubuntu/ros2_ws/install/locomotion/lib/python3.10/site-packages/locomotion-0.0.1-py3.10.egg-info/SOURCES.txt'
[11.070s] error removing /home/ubuntu/ros2_ws/install/locomotion/lib/python3.10/site-packages/locomotion-0.0.1-py3.10.egg-info: [Errno 13] Permission denied: '/home/ubuntu/ros2_ws/install/locomotion/lib/python3.10/site-packages/locomotion-0.0.1-py3.10.egg-info/PKG-INFO'
[11.070s] error removing /home/ubuntu/ros2_ws/install/locomotion/lib/python3.10/site-packages/locomotion-0.0.1-py3.10.egg-info: [Errno 13] Permission denied: '/home/ubuntu/ros2_ws/install/locomotion/lib/python3.10/site-packages/locomotion-0.0.1-py3.10.egg-info/top_level.txt'
[11.071s] error removing /home/ubuntu/ros2_ws/install/locomotion/lib/python3.10/site-packages/locomotion-0.0.1-py3.10.egg-info: [Errno 13] Permission denied: '/home/ubuntu/ros2_ws/install/locomotion/lib/python3.10/site-packages/locomotion-0.0.1-py3.10.egg-info/entry_points.txt'
[11.072s] error removing /home/ubuntu/ros2_ws/install/locomotion/lib/python3.10/site-packages/locomotion-0.0.1-py3.10.egg-info: [Errno 13] Permission denied: '/home/ubuntu/ros2_ws/install/locomotion/lib/python3.10/site-packages/locomotion-0.0.1-py3.10.egg-info/zip-safe'
[11.072s] error removing /home/ubuntu/ros2_ws/install/locomotion/lib/python3.10/site-packages/locomotion-0.0.1-py3.10.egg-info: [Errno 13] Permission denied: '/home/ubuntu/ros2_ws/install/locomotion/lib/python3.10/site-packages/locomotion-0.0.1-py3.10.egg-info/dependency_links.txt'
[11.073s] error removing /home/ubuntu/ros2_ws/install/locomotion/lib/python3.10/site-packages/locomotion-0.0.1-py3.10.egg-info: [Errno 13] Permission denied: '/home/ubuntu/ros2_ws/install/locomotion/lib/python3.10/site-packages/locomotion-0.0.1-py3.10.egg-info/requires.txt'
[11.073s] error removing /home/ubuntu/ros2_ws/install/locomotion/lib/python3.10/site-packages/locomotion-0.0.1-py3.10.egg-info: [Errno 39] Directory not empty: '/home/ubuntu/ros2_ws/install/locomotion/lib/python3.10/site-packages/locomotion-0.0.1-py3.10.egg-info'
[11.074s] Copying ../../build/locomotion/locomotion.egg-info to /home/ubuntu/ros2_ws/install/locomotion/lib/python3.10/site-packages/locomotion-0.0.1-py3.10.egg-info
[11.074s] error: [Errno 13] Permission denied: '/home/ubuntu/ros2_ws/install/locomotion/lib/python3.10/site-packages/locomotion-0.0.1-py3.10.egg-info/SOURCES.txt'
[11.258s] Invoked command in '/home/ubuntu/ros2_ws/src/locomotion' returned '1': PYTHONPATH=/home/ubuntu/ros2_ws/build/locomotion/prefix_override:/usr/lib/python3/dist-packages/colcon_core/task/python/colcon_distutils_commands:/home/ubuntu/ros2_ws/install/locomotion/lib/python3.10/site-packages:${PYTHONPATH} VIRTUAL_ENV_PROMPT=(pynq-venv) /usr/bin/python3 -W ignore:setup.py install is deprecated setup.py egg_info --egg-base ../../build/locomotion build --build-base /home/ubuntu/ros2_ws/build/locomotion/build install --record /home/ubuntu/ros2_ws/build/locomotion/install.log --single-version-externally-managed install_data
