[0.000000] (-) TimerEvent: {}
[0.002104] (-) JobUnselected: {'identifier': 'locomotion'}
[0.003104] (perception) JobQueued: {'identifier': 'perception', 'dependencies': OrderedDict()}
[0.003640] (perception) JobStarted: {'identifier': 'perception'}
[0.098111] (-) TimerEvent: {}
[0.199070] (-) TimerEvent: {}
[0.299963] (-) TimerEvent: {}
[0.400821] (-) TimerEvent: {}
[0.501721] (-) TimerEvent: {}
[0.602648] (-) TimerEvent: {}
[0.703561] (-) TimerEvent: {}
[0.804425] (-) TimerEvent: {}
[0.905291] (-) TimerEvent: {}
[1.006205] (-) TimerEvent: {}
[1.107128] (-) TimerEvent: {}
[1.208000] (-) TimerEvent: {}
[1.308869] (-) TimerEvent: {}
[1.409752] (-) TimerEvent: {}
[1.510604] (-) TimerEvent: {}
[1.611495] (-) TimerEvent: {}
[1.712363] (-) TimerEvent: {}
[1.813239] (-) TimerEvent: {}
[1.914157] (-) TimerEvent: {}
[2.015150] (-) TimerEvent: {}
[2.116090] (-) TimerEvent: {}
[2.217096] (-) TimerEvent: {}
[2.281742] (perception) StderrLine: {'line': b'Traceback (most recent call last):\n  File "/usr/lib/python3/dist-packages/colcon_core/executor/__init__.py", line 91, in __call__\n    rc = await self.task(*args, **kwargs)\n  File "/usr/lib/python3/dist-packages/colcon_core/task/__init__.py", line 93, in __call__\n    return await task_method(*args, **kwargs)\n  File "/usr/lib/python3/dist-packages/colcon_ros/task/ament_python/build.py", line 51, in build\n    setup_py_data = get_setup_data(self.context.pkg, env)\n  File "/usr/lib/python3/dist-packages/colcon_core/task/python/__init__.py", line 20, in get_setup_data\n    return dict(pkg.metadata[key](env))\n  File "/usr/lib/python3/dist-packages/colcon_ros/package_augmentation/ros_ament_python.py", line 57, in getter\n    return get_setup_information(\n  File "/usr/lib/python3/dist-packages/colcon_python_setup_py/package_identification/python_setup_py.py", line 241, in get_setup_information\n    _setup_information_cache[hashable_env] = _get_setup_information(\n  File "/usr/lib/python3/dist-packages/colcon_python_setup_py/package_identification/python_setup_py.py", line 288, in _get_setup_information\n    result = subprocess.run(\n  File "/usr/lib/python3.10/subprocess.py", line 526, in run\n    raise CalledProcessError(retcode, process.args,\nsubprocess.CalledProcessError: Command \'[\'/usr/bin/python3\', \'-c\', \'import sys;from contextlib import suppress;exec("with suppress(ImportError):    from setuptools.extern.packaging.specifiers    import SpecifierSet");exec("with suppress(ImportError):    from packaging.specifiers import SpecifierSet");from distutils.core import run_setup;dist = run_setup(    \\\'setup.py\\\', script_args=(\\\'--dry-run\\\',), stop_after=\\\'config\\\');skip_keys = (\\\'cmdclass\\\', \\\'distclass\\\', \\\'ext_modules\\\', \\\'metadata\\\');data = {    key: value for key, value in dist.__dict__.items()     if (        not key.startswith(\\\'_\\\') and         not callable(value) and         key not in skip_keys and         key not in dist.display_option_names    )};data[\\\'metadata\\\'] = {    k: v for k, v in dist.metadata.__dict__.items()     if k not in (\\\'license_files\\\', \\\'provides_extras\\\')};sys.stdout.buffer.write(repr(data).encode(\\\'utf-8\\\'))\']\' returned non-zero exit status 1.\n'}
[2.284156] (perception) JobEnded: {'identifier': 'perception', 'rc': 1}
[2.293694] (-) EventReactorShutdown: {}
