[4.471s] Invoking command in '/home/ubuntu/ros2_ws/src/locomotion': PYTHONPATH=/home/ubuntu/ros2_ws/build/locomotion/prefix_override:/usr/lib/python3/dist-packages/colcon_core/task/python/colcon_distutils_commands:/home/ubuntu/ros2_ws/install/locomotion/lib/python3.10/site-packages:${PYTHONPATH} VIRTUAL_ENV_PROMPT=(pynq-venv) /usr/bin/python3 -W ignore:setup.py install is deprecated setup.py egg_info --egg-base ../../build/locomotion build --build-base /home/ubuntu/ros2_ws/build/locomotion/build install --record /home/ubuntu/ros2_ws/build/locomotion/install.log --single-version-externally-managed install_data
[6.202s] running egg_info
[6.208s] writing ../../build/locomotion/locomotion.egg-info/PKG-INFO
[6.209s] writing dependency_links to ../../build/locomotion/locomotion.egg-info/dependency_links.txt
[6.210s] writing entry points to ../../build/locomotion/locomotion.egg-info/entry_points.txt
[6.211s] writing requirements to ../../build/locomotion/locomotion.egg-info/requires.txt
[6.212s] writing top-level names to ../../build/locomotion/locomotion.egg-info/top_level.txt
[6.224s] reading manifest file '../../build/locomotion/locomotion.egg-info/SOURCES.txt'
[6.225s] adding license file 'LICENSE'
[6.231s] writing manifest file '../../build/locomotion/locomotion.egg-info/SOURCES.txt'
[6.231s] running build
[6.232s] running build_py
[6.233s] copying locomotion/rc_remote_control.py -> /home/ubuntu/ros2_ws/build/locomotion/build/lib/locomotion
[6.236s] running install
[6.238s] running install_lib
[6.244s] copying /home/ubuntu/ros2_ws/build/locomotion/build/lib/locomotion/rc_remote_control.py -> /home/ubuntu/ros2_ws/install/locomotion/lib/python3.10/site-packages/locomotion
[6.248s] byte-compiling /home/ubuntu/ros2_ws/install/locomotion/lib/python3.10/site-packages/locomotion/rc_remote_control.py to rc_remote_control.cpython-310.pyc
[6.254s] running install_data
[6.255s] running install_egg_info
[6.265s] removing '/home/ubuntu/ros2_ws/install/locomotion/lib/python3.10/site-packages/locomotion-0.0.1-py3.10.egg-info' (and everything under it)
[6.267s] Copying ../../build/locomotion/locomotion.egg-info to /home/ubuntu/ros2_ws/install/locomotion/lib/python3.10/site-packages/locomotion-0.0.1-py3.10.egg-info
[6.271s] running install_scripts
[6.402s] Installing keyboard_ctrl script to /home/ubuntu/ros2_ws/install/locomotion/lib/locomotion
[6.403s] Installing rc_remote_ctrl script to /home/ubuntu/ros2_ws/install/locomotion/lib/locomotion
[6.406s] writing list of installed files to '/home/ubuntu/ros2_ws/build/locomotion/install.log'
[6.604s] Invoked command in '/home/ubuntu/ros2_ws/src/locomotion' returned '0': PYTHONPATH=/home/ubuntu/ros2_ws/build/locomotion/prefix_override:/usr/lib/python3/dist-packages/colcon_core/task/python/colcon_distutils_commands:/home/ubuntu/ros2_ws/install/locomotion/lib/python3.10/site-packages:${PYTHONPATH} VIRTUAL_ENV_PROMPT=(pynq-venv) /usr/bin/python3 -W ignore:setup.py install is deprecated setup.py egg_info --egg-base ../../build/locomotion build --build-base /home/ubuntu/ros2_ws/build/locomotion/build install --record /home/ubuntu/ros2_ws/build/locomotion/install.log --single-version-externally-managed install_data
