[9.604s] Invoking command in '/home/ubuntu/ros2_ws/src/perception': PS1=\[\e]0;\u@\h: \w\a\]${debian_chroot:+($debian_chroot)}\u@\h:\w\$ PYTHONPATH=/home/ubuntu/ros2_ws/build/perception/prefix_override:/usr/lib/python3/dist-packages/colcon_core/task/python/colcon_distutils_commands:/home/ubuntu/ros2_ws/install/perception/lib/python3.10/site-packages:${PYTHONPATH} VIRTUAL_ENV_PROMPT=(pynq-venv) /usr/bin/python3 -W ignore:setup.py install is deprecated setup.py egg_info --egg-base ../../build/perception build --build-base /home/ubuntu/ros2_ws/build/perception/build install --record /home/ubuntu/ros2_ws/build/perception/install.log --single-version-externally-managed install_data
[11.768s] running egg_info
[11.773s] writing ../../build/perception/perception.egg-info/PKG-INFO
[11.774s] writing dependency_links to ../../build/perception/perception.egg-info/dependency_links.txt
[11.775s] writing entry points to ../../build/perception/perception.egg-info/entry_points.txt
[11.776s] writing requirements to ../../build/perception/perception.egg-info/requires.txt
[11.777s] writing top-level names to ../../build/perception/perception.egg-info/top_level.txt
[11.828s] reading manifest file '../../build/perception/perception.egg-info/SOURCES.txt'
[11.835s] writing manifest file '../../build/perception/perception.egg-info/SOURCES.txt'
[11.835s] running build
[11.836s] running build_py
[11.837s] copying perception/gnss_receiver.py -> /home/ubuntu/ros2_ws/build/perception/build/lib/perception
[11.839s] running install
[11.841s] running install_lib
[11.846s] copying /home/ubuntu/ros2_ws/build/perception/build/lib/perception/gnss_receiver.py -> /home/ubuntu/ros2_ws/install/perception/lib/python3.10/site-packages/perception
[11.849s] byte-compiling /home/ubuntu/ros2_ws/install/perception/lib/python3.10/site-packages/perception/gnss_receiver.py to gnss_receiver.cpython-310.pyc
[11.857s] running install_data
[11.858s] running install_egg_info
[11.867s] removing '/home/ubuntu/ros2_ws/install/perception/lib/python3.10/site-packages/perception-0.0.1-py3.10.egg-info' (and everything under it)
[11.869s] Copying ../../build/perception/perception.egg-info to /home/ubuntu/ros2_ws/install/perception/lib/python3.10/site-packages/perception-0.0.1-py3.10.egg-info
[11.874s] running install_scripts
[11.999s] Installing gnss_receiver script to /home/ubuntu/ros2_ws/install/perception/lib/perception
[12.001s] writing list of installed files to '/home/ubuntu/ros2_ws/build/perception/install.log'
[12.221s] Invoked command in '/home/ubuntu/ros2_ws/src/perception' returned '0': PS1=\[\e]0;\u@\h: \w\a\]${debian_chroot:+($debian_chroot)}\u@\h:\w\$ PYTHONPATH=/home/ubuntu/ros2_ws/build/perception/prefix_override:/usr/lib/python3/dist-packages/colcon_core/task/python/colcon_distutils_commands:/home/ubuntu/ros2_ws/install/perception/lib/python3.10/site-packages:${PYTHONPATH} VIRTUAL_ENV_PROMPT=(pynq-venv) /usr/bin/python3 -W ignore:setup.py install is deprecated setup.py egg_info --egg-base ../../build/perception build --build-base /home/ubuntu/ros2_ws/build/perception/build install --record /home/ubuntu/ros2_ws/build/perception/install.log --single-version-externally-managed install_data
