[4.444s] Invoking command in '/home/ubuntu/ros2_ws/src/locomotion': PYTHONPATH=/home/ubuntu/ros2_ws/build/locomotion/prefix_override:/usr/lib/python3/dist-packages/colcon_core/task/python/colcon_distutils_commands:/home/ubuntu/ros2_ws/install/locomotion/lib/python3.10/site-packages:${PYTHONPATH} VIRTUAL_ENV_PROMPT=(pynq-venv) /usr/bin/python3 -W ignore:setup.py install is deprecated setup.py egg_info --egg-base ../../build/locomotion build --build-base /home/ubuntu/ros2_ws/build/locomotion/build install --record /home/ubuntu/ros2_ws/build/locomotion/install.log --single-version-externally-managed install_data
[6.172s] running egg_info
[6.177s] writing ../../build/locomotion/locomotion.egg-info/PKG-INFO
[6.178s] writing dependency_links to ../../build/locomotion/locomotion.egg-info/dependency_links.txt
[6.179s] writing entry points to ../../build/locomotion/locomotion.egg-info/entry_points.txt
[6.180s] writing requirements to ../../build/locomotion/locomotion.egg-info/requires.txt
[6.181s] writing top-level names to ../../build/locomotion/locomotion.egg-info/top_level.txt
[6.192s] reading manifest file '../../build/locomotion/locomotion.egg-info/SOURCES.txt'
[6.193s] adding license file 'LICENSE'
[6.198s] writing manifest file '../../build/locomotion/locomotion.egg-info/SOURCES.txt'
[6.199s] running build
[6.199s] running build_py
[6.200s] copying locomotion/rc_remote_control.py -> /home/ubuntu/ros2_ws/build/locomotion/build/lib/locomotion
[6.201s] running install
[6.203s] running install_lib
[6.208s] copying /home/ubuntu/ros2_ws/build/locomotion/build/lib/locomotion/rc_remote_control.py -> /home/ubuntu/ros2_ws/install/locomotion/lib/python3.10/site-packages/locomotion
[6.211s] byte-compiling /home/ubuntu/ros2_ws/install/locomotion/lib/python3.10/site-packages/locomotion/rc_remote_control.py to rc_remote_control.cpython-310.pyc
[6.216s] running install_data
[6.217s] copying package.xml -> /home/ubuntu/ros2_ws/install/locomotion/share/locomotion
[6.218s] running install_egg_info
[6.228s] removing '/home/ubuntu/ros2_ws/install/locomotion/lib/python3.10/site-packages/locomotion-0.0.1-py3.10.egg-info' (and everything under it)
[6.229s] Copying ../../build/locomotion/locomotion.egg-info to /home/ubuntu/ros2_ws/install/locomotion/lib/python3.10/site-packages/locomotion-0.0.1-py3.10.egg-info
[6.234s] running install_scripts
[6.365s] Installing keyboard_ctrl script to /home/ubuntu/ros2_ws/install/locomotion/lib/locomotion
[6.366s] Installing rc_remote_ctrl script to /home/ubuntu/ros2_ws/install/locomotion/lib/locomotion
[6.367s] writing list of installed files to '/home/ubuntu/ros2_ws/build/locomotion/install.log'
[6.573s] Invoked command in '/home/ubuntu/ros2_ws/src/locomotion' returned '0': PYTHONPATH=/home/ubuntu/ros2_ws/build/locomotion/prefix_override:/usr/lib/python3/dist-packages/colcon_core/task/python/colcon_distutils_commands:/home/ubuntu/ros2_ws/install/locomotion/lib/python3.10/site-packages:${PYTHONPATH} VIRTUAL_ENV_PROMPT=(pynq-venv) /usr/bin/python3 -W ignore:setup.py install is deprecated setup.py egg_info --egg-base ../../build/locomotion build --build-base /home/ubuntu/ros2_ws/build/locomotion/build install --record /home/ubuntu/ros2_ws/build/locomotion/install.log --single-version-externally-managed install_data
