/home/ubuntu/ros2_ws/install/locomotion/lib/python3.10/site-packages/locomotion/ackermann.py
/home/ubuntu/ros2_ws/install/locomotion/lib/python3.10/site-packages/locomotion/velocity_controller.py
/home/ubuntu/ros2_ws/install/locomotion/lib/python3.10/site-packages/locomotion/__init__.py
/home/ubuntu/ros2_ws/install/locomotion/lib/python3.10/site-packages/locomotion/keyboard_control.py
/home/ubuntu/ros2_ws/install/locomotion/lib/python3.10/site-packages/locomotion/rc_remote_control.py
/home/ubuntu/ros2_ws/install/locomotion/lib/python3.10/site-packages/locomotion/pid.py
/home/ubuntu/ros2_ws/install/locomotion/lib/python3.10/site-packages/locomotion/transforms.py
/home/ubuntu/ros2_ws/install/locomotion/lib/python3.10/site-packages/locomotion/__pycache__/ackermann.cpython-310.pyc
/home/ubuntu/ros2_ws/install/locomotion/lib/python3.10/site-packages/locomotion/__pycache__/velocity_controller.cpython-310.pyc
/home/ubuntu/ros2_ws/install/locomotion/lib/python3.10/site-packages/locomotion/__pycache__/__init__.cpython-310.pyc
/home/ubuntu/ros2_ws/install/locomotion/lib/python3.10/site-packages/locomotion/__pycache__/keyboard_control.cpython-310.pyc
/home/ubuntu/ros2_ws/install/locomotion/lib/python3.10/site-packages/locomotion/__pycache__/rc_remote_control.cpython-310.pyc
/home/ubuntu/ros2_ws/install/locomotion/lib/python3.10/site-packages/locomotion/__pycache__/pid.cpython-310.pyc
/home/ubuntu/ros2_ws/install/locomotion/lib/python3.10/site-packages/locomotion/__pycache__/transforms.cpython-310.pyc
/home/ubuntu/ros2_ws/install/locomotion/share/ament_index/resource_index/packages/locomotion
/home/ubuntu/ros2_ws/install/locomotion/share/locomotion/package.xml
/home/ubuntu/ros2_ws/install/locomotion/share/kr260_pixhawk_v2/shell.json
/home/ubuntu/ros2_ws/install/locomotion/share/kr260_pixhawk_v2/kr260_pixhawk_v2.dtbo
/home/ubuntu/ros2_ws/install/locomotion/share/kr260_pixhawk_v2/kr260_pixhawk_v2.hwh
/home/ubuntu/ros2_ws/install/locomotion/share/kr260_pixhawk_v2/kr260_pixhawk_v2.bit
/home/ubuntu/ros2_ws/install/locomotion/share/locomotion/locomotion_launch.py
/home/ubuntu/ros2_ws/install/locomotion/share/locomotion/config
/home/ubuntu/ros2_ws/install/locomotion/lib/python3.10/site-packages/locomotion-0.0.1-py3.10.egg-info/SOURCES.txt
/home/ubuntu/ros2_ws/install/locomotion/lib/python3.10/site-packages/locomotion-0.0.1-py3.10.egg-info/PKG-INFO
/home/ubuntu/ros2_ws/install/locomotion/lib/python3.10/site-packages/locomotion-0.0.1-py3.10.egg-info/top_level.txt
/home/ubuntu/ros2_ws/install/locomotion/lib/python3.10/site-packages/locomotion-0.0.1-py3.10.egg-info/entry_points.txt
/home/ubuntu/ros2_ws/install/locomotion/lib/python3.10/site-packages/locomotion-0.0.1-py3.10.egg-info/zip-safe
/home/ubuntu/ros2_ws/install/locomotion/lib/python3.10/site-packages/locomotion-0.0.1-py3.10.egg-info/dependency_links.txt
/home/ubuntu/ros2_ws/install/locomotion/lib/python3.10/site-packages/locomotion-0.0.1-py3.10.egg-info/requires.txt
/home/ubuntu/ros2_ws/install/locomotion/lib/locomotion/keyboard_ctrl
/home/ubuntu/ros2_ws/install/locomotion/lib/locomotion/rc_remote_ctrl
/home/ubuntu/ros2_ws/install/locomotion/lib/locomotion/vel_ctrl
