[4.443s] Invoking command in '/home/ubuntu/ros2_ws/src/locomotion': PS1=\[\e]0;\u@\h: \w\a\]${debian_chroot:+($debian_chroot)}\u@\h:\w\$ PYTHONPATH=/home/ubuntu/ros2_ws/build/locomotion/prefix_override:/usr/lib/python3/dist-packages/colcon_core/task/python/colcon_distutils_commands:/home/ubuntu/ros2_ws/install/locomotion/lib/python3.10/site-packages:${PYTHONPATH} VIRTUAL_ENV_PROMPT=(pynq-venv) /usr/bin/python3 -W ignore:setup.py install is deprecated setup.py egg_info --egg-base ../../build/locomotion build --build-base /home/ubuntu/ros2_ws/build/locomotion/build install --record /home/ubuntu/ros2_ws/build/locomotion/install.log --single-version-externally-managed install_data
[6.177s] running egg_info
[6.182s] writing ../../build/locomotion/locomotion.egg-info/PKG-INFO
[6.184s] writing dependency_links to ../../build/locomotion/locomotion.egg-info/dependency_links.txt
[6.185s] writing entry points to ../../build/locomotion/locomotion.egg-info/entry_points.txt
[6.186s] writing requirements to ../../build/locomotion/locomotion.egg-info/requires.txt
[6.187s] writing top-level names to ../../build/locomotion/locomotion.egg-info/top_level.txt
[6.200s] reading manifest file '../../build/locomotion/locomotion.egg-info/SOURCES.txt'
[6.202s] adding license file 'LICENSE'
[6.208s] writing manifest file '../../build/locomotion/locomotion.egg-info/SOURCES.txt'
[6.209s] running build
[6.209s] running build_py
[6.213s] running install
[6.215s] running install_lib
[6.228s] running install_data
[6.229s] running install_egg_info
[6.240s] removing '/home/ubuntu/ros2_ws/install/locomotion/lib/python3.10/site-packages/locomotion-0.0.1-py3.10.egg-info' (and everything under it)
[6.241s] Copying ../../build/locomotion/locomotion.egg-info to /home/ubuntu/ros2_ws/install/locomotion/lib/python3.10/site-packages/locomotion-0.0.1-py3.10.egg-info
[6.246s] running install_scripts
[6.378s] Installing keyboard_ctrl script to /home/ubuntu/ros2_ws/install/locomotion/lib/locomotion
[6.379s] Installing rc_remote_ctrl script to /home/ubuntu/ros2_ws/install/locomotion/lib/locomotion
[6.379s] Installing vel_ctrl script to /home/ubuntu/ros2_ws/install/locomotion/lib/locomotion
[6.382s] writing list of installed files to '/home/ubuntu/ros2_ws/build/locomotion/install.log'
[6.582s] Invoked command in '/home/ubuntu/ros2_ws/src/locomotion' returned '0': PS1=\[\e]0;\u@\h: \w\a\]${debian_chroot:+($debian_chroot)}\u@\h:\w\$ PYTHONPATH=/home/ubuntu/ros2_ws/build/locomotion/prefix_override:/usr/lib/python3/dist-packages/colcon_core/task/python/colcon_distutils_commands:/home/ubuntu/ros2_ws/install/locomotion/lib/python3.10/site-packages:${PYTHONPATH} VIRTUAL_ENV_PROMPT=(pynq-venv) /usr/bin/python3 -W ignore:setup.py install is deprecated setup.py egg_info --egg-base ../../build/locomotion build --build-base /home/ubuntu/ros2_ws/build/locomotion/build install --record /home/ubuntu/ros2_ws/build/locomotion/install.log --single-version-externally-managed install_data
