[9.579s] Invoking command in '/home/ubuntu/ros2_ws/src/locomotion': PS1=\[\e]0;\u@\h: \w\a\]${debian_chroot:+($debian_chroot)}\u@\h:\w\$ PYTHONPATH=/home/ubuntu/ros2_ws/build/locomotion/prefix_override:/usr/lib/python3/dist-packages/colcon_core/task/python/colcon_distutils_commands:/home/ubuntu/ros2_ws/install/locomotion/lib/python3.10/site-packages:${PYTHONPATH} VIRTUAL_ENV_PROMPT=(pynq-venv) /usr/bin/python3 -W ignore:setup.py install is deprecated setup.py egg_info --egg-base ../../build/locomotion build --build-base /home/ubuntu/ros2_ws/build/locomotion/build install --record /home/ubuntu/ros2_ws/build/locomotion/install.log --single-version-externally-managed install_data
[11.729s] running egg_info
[11.734s] writing ../../build/locomotion/locomotion.egg-info/PKG-INFO
[11.735s] writing dependency_links to ../../build/locomotion/locomotion.egg-info/dependency_links.txt
[11.736s] writing entry points to ../../build/locomotion/locomotion.egg-info/entry_points.txt
[11.737s] writing requirements to ../../build/locomotion/locomotion.egg-info/requires.txt
[11.737s] writing top-level names to ../../build/locomotion/locomotion.egg-info/top_level.txt
[11.788s] reading manifest file '../../build/locomotion/locomotion.egg-info/SOURCES.txt'
[11.790s] adding license file 'LICENSE'
[11.795s] writing manifest file '../../build/locomotion/locomotion.egg-info/SOURCES.txt'
[11.796s] running build
[11.797s] running build_py
[11.800s] running install
[11.802s] running install_lib
[11.814s] running install_data
[11.816s] running install_egg_info
[11.826s] removing '/home/ubuntu/ros2_ws/install/locomotion/lib/python3.10/site-packages/locomotion-0.0.1-py3.10.egg-info' (and everything under it)
[11.828s] Copying ../../build/locomotion/locomotion.egg-info to /home/ubuntu/ros2_ws/install/locomotion/lib/python3.10/site-packages/locomotion-0.0.1-py3.10.egg-info
[11.834s] running install_scripts
[11.959s] Installing keyboard_ctrl script to /home/ubuntu/ros2_ws/install/locomotion/lib/locomotion
[11.960s] Installing rc_remote_ctrl script to /home/ubuntu/ros2_ws/install/locomotion/lib/locomotion
[11.961s] Installing vel_ctrl script to /home/ubuntu/ros2_ws/install/locomotion/lib/locomotion
[11.964s] writing list of installed files to '/home/ubuntu/ros2_ws/build/locomotion/install.log'
[12.183s] Invoked command in '/home/ubuntu/ros2_ws/src/locomotion' returned '0': PS1=\[\e]0;\u@\h: \w\a\]${debian_chroot:+($debian_chroot)}\u@\h:\w\$ PYTHONPATH=/home/ubuntu/ros2_ws/build/locomotion/prefix_override:/usr/lib/python3/dist-packages/colcon_core/task/python/colcon_distutils_commands:/home/ubuntu/ros2_ws/install/locomotion/lib/python3.10/site-packages:${PYTHONPATH} VIRTUAL_ENV_PROMPT=(pynq-venv) /usr/bin/python3 -W ignore:setup.py install is deprecated setup.py egg_info --egg-base ../../build/locomotion build --build-base /home/ubuntu/ros2_ws/build/locomotion/build install --record /home/ubuntu/ros2_ws/build/locomotion/install.log --single-version-externally-managed install_data
